2024-01-04T00:30:34.195+05:30  INFO 11860 --- [restartedMain] com.abhi.Airport.Demo4Application        : Starting Demo4Application using Java 17.0.9 with PID 11860 (C:\Users\pashe\Documents\workspace-spring-tool-suite-4-4.21.0.RELEASE\demo-4\target\classes started by pashe in C:\Users\pashe\Documents\workspace-spring-tool-suite-4-4.21.0.RELEASE\demo-4)
2024-01-04T00:30:34.201+05:30  INFO 11860 --- [restartedMain] com.abhi.Airport.Demo4Application        : No active profile set, falling back to 1 default profile: "default"
2024-01-04T00:30:34.265+05:30  INFO 11860 --- [restartedMain] .e.DevToolsPropertyDefaultsPostProcessor : Devtools property defaults active! Set 'spring.devtools.add-properties' to 'false' to disable
2024-01-04T00:30:34.266+05:30  INFO 11860 --- [restartedMain] .e.DevToolsPropertyDefaultsPostProcessor : For additional web related logging consider setting the 'logging.level.web' property to 'DEBUG'
2024-01-04T00:30:35.070+05:30  INFO 11860 --- [restartedMain] .s.d.r.c.RepositoryConfigurationDelegate : Bootstrapping Spring Data JPA repositories in DEFAULT mode.
2024-01-04T00:30:35.126+05:30  INFO 11860 --- [restartedMain] .s.d.r.c.RepositoryConfigurationDelegate : Finished Spring Data repository scanning in 46 ms. Found 1 JPA repository interface.
2024-01-04T00:30:35.808+05:30  INFO 11860 --- [restartedMain] o.s.b.w.embedded.tomcat.TomcatWebServer  : Tomcat initialized with port 11478 (http)
2024-01-04T00:30:35.824+05:30  INFO 11860 --- [restartedMain] o.apache.catalina.core.StandardService   : Starting service [Tomcat]
2024-01-04T00:30:35.824+05:30  INFO 11860 --- [restartedMain] o.apache.catalina.core.StandardEngine    : Starting Servlet engine: [Apache Tomcat/10.1.17]
2024-01-04T00:30:35.896+05:30  INFO 11860 --- [restartedMain] o.a.c.c.C.[Tomcat].[localhost].[/]       : Initializing Spring embedded WebApplicationContext
2024-01-04T00:30:35.897+05:30  INFO 11860 --- [restartedMain] w.s.c.ServletWebServerApplicationContext : Root WebApplicationContext: initialization completed in 1630 ms
2024-01-04T00:30:35.944+05:30  INFO 11860 --- [restartedMain] com.zaxxer.hikari.HikariDataSource       : HikariPool-1 - Starting...
2024-01-04T00:30:36.317+05:30  INFO 11860 --- [restartedMain] com.zaxxer.hikari.pool.HikariPool        : HikariPool-1 - Added connection conn0: url=jdbc:h2:file:./abhi user=ABHISHEK
2024-01-04T00:30:36.318+05:30  INFO 11860 --- [restartedMain] com.zaxxer.hikari.HikariDataSource       : HikariPool-1 - Start completed.
2024-01-04T00:30:36.332+05:30  INFO 11860 --- [restartedMain] o.s.b.a.h2.H2ConsoleAutoConfiguration    : H2 console available at '/h2'. Database available at 'jdbc:h2:file:./abhi'
2024-01-04T00:30:36.511+05:30  INFO 11860 --- [restartedMain] o.hibernate.jpa.internal.util.LogHelper  : HHH000204: Processing PersistenceUnitInfo [name: default]
2024-01-04T00:30:36.601+05:30  INFO 11860 --- [restartedMain] org.hibernate.Version                    : HHH000412: Hibernate ORM core version 6.4.1.Final
2024-01-04T00:30:36.651+05:30  INFO 11860 --- [restartedMain] o.h.c.internal.RegionFactoryInitiator    : HHH000026: Second-level cache disabled
2024-01-04T00:30:36.928+05:30  INFO 11860 --- [restartedMain] o.s.o.j.p.SpringPersistenceUnitInfo      : No LoadTimeWeaver setup: ignoring JPA class transformer
2024-01-04T00:30:36.987+05:30  WARN 11860 --- [restartedMain] org.hibernate.orm.deprecation            : HHH90000025: H2Dialect does not need to be specified explicitly using 'hibernate.dialect' (remove the property setting and it will be selected by default)
2024-01-04T00:30:37.758+05:30  INFO 11860 --- [restartedMain] o.h.e.t.j.p.i.JtaPlatformInitiator       : HHH000489: No JTA platform available (set 'hibernate.transaction.jta.platform' to enable JTA platform integration)
2024-01-04T00:30:37.800+05:30  INFO 11860 --- [restartedMain] j.LocalContainerEntityManagerFactoryBean : Initialized JPA EntityManagerFactory for persistence unit 'default'
2024-01-04T00:30:38.224+05:30  WARN 11860 --- [restartedMain] JpaBaseConfiguration$JpaWebConfiguration : spring.jpa.open-in-view is enabled by default. Therefore, database queries may be performed during view rendering. Explicitly configure spring.jpa.open-in-view to disable this warning
2024-01-04T00:30:38.696+05:30  INFO 11860 --- [restartedMain] o.s.b.d.a.OptionalLiveReloadServer       : LiveReload server is running on port 35729
2024-01-04T00:30:38.738+05:30  INFO 11860 --- [restartedMain] o.s.b.w.embedded.tomcat.TomcatWebServer  : Tomcat started on port 11478 (http) with context path ''
2024-01-04T00:30:38.751+05:30  INFO 11860 --- [restartedMain] com.abhi.Airport.Demo4Application        : Started Demo4Application in 4.921 seconds (process running for 5.457)
2024-01-04T00:30:55.396+05:30  INFO 11860 --- [http-nio-11478-exec-2] o.a.c.c.C.[Tomcat].[localhost].[/]       : Initializing Spring DispatcherServlet 'dispatcherServlet'
2024-01-04T00:30:55.397+05:30  INFO 11860 --- [http-nio-11478-exec-2] o.s.web.servlet.DispatcherServlet        : Initializing Servlet 'dispatcherServlet'
2024-01-04T00:30:55.399+05:30  INFO 11860 --- [http-nio-11478-exec-2] o.s.web.servlet.DispatcherServlet        : Completed initialization in 2 ms
2024-01-04T00:30:55.434+05:30  WARN 11860 --- [http-nio-11478-exec-2] .w.s.m.s.DefaultHandlerExceptionResolver : Resolved [org.springframework.web.HttpRequestMethodNotSupportedException: Request method 'POST' is not supported]
2024-01-04T00:31:05.669+05:30  INFO 11860 --- [http-nio-11478-exec-3] c.a.A.Controller.AirportController       : creating all airport details.
2024-01-04T00:31:06.608+05:30  INFO 11860 --- [http-nio-11478-exec-3] c.a.A.S.AirportServiceImplementation     : Creating airport...
2024-01-04T00:31:08.054+05:30  INFO 11860 --- [http-nio-11478-exec-4] c.a.A.Controller.AirportController       : creating all airport details.
2024-01-04T00:31:08.060+05:30 ERROR 11860 --- [http-nio-11478-exec-4] c.a.A.S.AirportServiceImplementation     : Airport is already Exists
2024-01-04T00:31:24.854+05:30  INFO 11860 --- [http-nio-11478-exec-5] c.a.A.Controller.AirportController       : Fetching specific airport details.
2024-01-04T00:31:24.860+05:30 ERROR 11860 --- [http-nio-11478-exec-5] c.a.A.S.AirportServiceImplementation     : Requested airport does not exist for IATACODE: HYD1
2024-01-04T00:31:35.278+05:30  INFO 11860 --- [http-nio-11478-exec-7] c.a.A.Controller.AirportController       : deleting specific airport details.
2024-01-04T00:31:35.283+05:30 ERROR 11860 --- [http-nio-11478-exec-7] c.a.A.S.AirportServiceImplementation     : Airport with IATA code does not exist
2024-01-04T00:32:35.477+05:30  INFO 11860 --- [File Watcher] rtingClassPathChangeChangedEventListener : Restarting due to 1 class path change (1 addition, 0 deletions, 0 modifications)
2024-01-04T00:32:35.498+05:30  INFO 11860 --- [Thread-6] j.LocalContainerEntityManagerFactoryBean : Closing JPA EntityManagerFactory for persistence unit 'default'
2024-01-04T00:32:35.501+05:30  INFO 11860 --- [Thread-6] com.zaxxer.hikari.HikariDataSource       : HikariPool-1 - Shutdown initiated...
2024-01-04T00:32:35.526+05:30  INFO 11860 --- [Thread-6] com.zaxxer.hikari.HikariDataSource       : HikariPool-1 - Shutdown completed.
2024-01-04T00:32:35.601+05:30  INFO 11860 --- [restartedMain] com.abhi.Airport.Demo4Application        : Starting Demo4Application using Java 17.0.9 with PID 11860 (C:\Users\pashe\Documents\workspace-spring-tool-suite-4-4.21.0.RELEASE\demo-4\target\classes started by pashe in C:\Users\pashe\Documents\workspace-spring-tool-suite-4-4.21.0.RELEASE\demo-4)
2024-01-04T00:32:35.601+05:30  INFO 11860 --- [restartedMain] com.abhi.Airport.Demo4Application        : No active profile set, falling back to 1 default profile: "default"
2024-01-04T00:32:35.809+05:30  INFO 11860 --- [restartedMain] .s.d.r.c.RepositoryConfigurationDelegate : Bootstrapping Spring Data JPA repositories in DEFAULT mode.
2024-01-04T00:32:35.816+05:30  INFO 11860 --- [restartedMain] .s.d.r.c.RepositoryConfigurationDelegate : Finished Spring Data repository scanning in 6 ms. Found 1 JPA repository interface.
2024-01-04T00:32:35.906+05:30  INFO 11860 --- [restartedMain] o.s.b.w.embedded.tomcat.TomcatWebServer  : Tomcat initialized with port 11478 (http)
2024-01-04T00:32:35.907+05:30  INFO 11860 --- [restartedMain] o.apache.catalina.core.StandardService   : Starting service [Tomcat]
2024-01-04T00:32:35.908+05:30  INFO 11860 --- [restartedMain] o.apache.catalina.core.StandardEngine    : Starting Servlet engine: [Apache Tomcat/10.1.17]
2024-01-04T00:32:35.925+05:30  INFO 11860 --- [restartedMain] o.a.c.c.C.[Tomcat].[localhost].[/]       : Initializing Spring embedded WebApplicationContext
2024-01-04T00:32:35.926+05:30  INFO 11860 --- [restartedMain] w.s.c.ServletWebServerApplicationContext : Root WebApplicationContext: initialization completed in 322 ms
2024-01-04T00:32:35.941+05:30  INFO 11860 --- [restartedMain] com.zaxxer.hikari.HikariDataSource       : HikariPool-2 - Starting...
2024-01-04T00:32:35.955+05:30  INFO 11860 --- [restartedMain] com.zaxxer.hikari.pool.HikariPool        : HikariPool-2 - Added connection conn10: url=jdbc:h2:file:./abhi user=ABHISHEK
2024-01-04T00:32:35.956+05:30  INFO 11860 --- [restartedMain] com.zaxxer.hikari.HikariDataSource       : HikariPool-2 - Start completed.
2024-01-04T00:32:35.956+05:30  INFO 11860 --- [restartedMain] o.s.b.a.h2.H2ConsoleAutoConfiguration    : H2 console available at '/h2'. Database available at 'jdbc:h2:file:./abhi'
2024-01-04T00:32:35.982+05:30  INFO 11860 --- [restartedMain] o.hibernate.jpa.internal.util.LogHelper  : HHH000204: Processing PersistenceUnitInfo [name: default]
2024-01-04T00:32:35.985+05:30  INFO 11860 --- [restartedMain] o.h.c.internal.RegionFactoryInitiator    : HHH000026: Second-level cache disabled
2024-01-04T00:32:35.988+05:30  INFO 11860 --- [restartedMain] o.s.o.j.p.SpringPersistenceUnitInfo      : No LoadTimeWeaver setup: ignoring JPA class transformer
2024-01-04T00:32:35.990+05:30  WARN 11860 --- [restartedMain] org.hibernate.orm.deprecation            : HHH90000025: H2Dialect does not need to be specified explicitly using 'hibernate.dialect' (remove the property setting and it will be selected by default)
2024-01-04T00:32:36.014+05:30  INFO 11860 --- [restartedMain] o.h.e.t.j.p.i.JtaPlatformInitiator       : HHH000489: No JTA platform available (set 'hibernate.transaction.jta.platform' to enable JTA platform integration)
2024-01-04T00:32:36.016+05:30  INFO 11860 --- [restartedMain] j.LocalContainerEntityManagerFactoryBean : Initialized JPA EntityManagerFactory for persistence unit 'default'
2024-01-04T00:32:36.119+05:30  WARN 11860 --- [restartedMain] JpaBaseConfiguration$JpaWebConfiguration : spring.jpa.open-in-view is enabled by default. Therefore, database queries may be performed during view rendering. Explicitly configure spring.jpa.open-in-view to disable this warning
2024-01-04T00:32:36.252+05:30  INFO 11860 --- [restartedMain] o.s.b.d.a.OptionalLiveReloadServer       : LiveReload server is running on port 35729
2024-01-04T00:32:36.263+05:30  INFO 11860 --- [restartedMain] o.s.b.w.embedded.tomcat.TomcatWebServer  : Tomcat started on port 11478 (http) with context path ''
2024-01-04T00:32:36.269+05:30  INFO 11860 --- [restartedMain] com.abhi.Airport.Demo4Application        : Started Demo4Application in 0.694 seconds (process running for 122.975)
2024-01-04T00:32:36.273+05:30  INFO 11860 --- [restartedMain] .ConditionEvaluationDeltaLoggingListener : Condition evaluation unchanged
2024-01-04T00:36:25.990+05:30  INFO 11860 --- [File Watcher] rtingClassPathChangeChangedEventListener : Restarting due to 1 class path change (0 additions, 0 deletions, 1 modification)
2024-01-04T00:36:26.002+05:30  INFO 11860 --- [Thread-8] j.LocalContainerEntityManagerFactoryBean : Closing JPA EntityManagerFactory for persistence unit 'default'
2024-01-04T00:36:26.004+05:30  INFO 11860 --- [Thread-8] com.zaxxer.hikari.HikariDataSource       : HikariPool-2 - Shutdown initiated...
2024-01-04T00:36:26.029+05:30  INFO 11860 --- [Thread-8] com.zaxxer.hikari.HikariDataSource       : HikariPool-2 - Shutdown completed.
2024-01-04T00:36:26.094+05:30  INFO 11860 --- [restartedMain] com.abhi.Airport.Demo4Application        : Starting Demo4Application using Java 17.0.9 with PID 11860 (C:\Users\pashe\Documents\workspace-spring-tool-suite-4-4.21.0.RELEASE\demo-4\target\classes started by pashe in C:\Users\pashe\Documents\workspace-spring-tool-suite-4-4.21.0.RELEASE\demo-4)
2024-01-04T00:36:26.095+05:30  INFO 11860 --- [restartedMain] com.abhi.Airport.Demo4Application        : No active profile set, falling back to 1 default profile: "default"
2024-01-04T00:36:26.280+05:30  INFO 11860 --- [restartedMain] .s.d.r.c.RepositoryConfigurationDelegate : Bootstrapping Spring Data JPA repositories in DEFAULT mode.
2024-01-04T00:36:26.288+05:30  INFO 11860 --- [restartedMain] .s.d.r.c.RepositoryConfigurationDelegate : Finished Spring Data repository scanning in 7 ms. Found 1 JPA repository interface.
2024-01-04T00:36:26.370+05:30  INFO 11860 --- [restartedMain] o.s.b.w.embedded.tomcat.TomcatWebServer  : Tomcat initialized with port 11478 (http)
2024-01-04T00:36:26.371+05:30  INFO 11860 --- [restartedMain] o.apache.catalina.core.StandardService   : Starting service [Tomcat]
2024-01-04T00:36:26.372+05:30  INFO 11860 --- [restartedMain] o.apache.catalina.core.StandardEngine    : Starting Servlet engine: [Apache Tomcat/10.1.17]
2024-01-04T00:36:26.402+05:30  INFO 11860 --- [restartedMain] o.a.c.c.C.[Tomcat].[localhost].[/]       : Initializing Spring embedded WebApplicationContext
2024-01-04T00:36:26.402+05:30  INFO 11860 --- [restartedMain] w.s.c.ServletWebServerApplicationContext : Root WebApplicationContext: initialization completed in 304 ms
2024-01-04T00:36:26.415+05:30  INFO 11860 --- [restartedMain] com.zaxxer.hikari.HikariDataSource       : HikariPool-3 - Starting...
2024-01-04T00:36:26.429+05:30  INFO 11860 --- [restartedMain] com.zaxxer.hikari.pool.HikariPool        : HikariPool-3 - Added connection conn20: url=jdbc:h2:file:./abhi user=ABHISHEK
2024-01-04T00:36:26.429+05:30  INFO 11860 --- [restartedMain] com.zaxxer.hikari.HikariDataSource       : HikariPool-3 - Start completed.
2024-01-04T00:36:26.429+05:30  INFO 11860 --- [restartedMain] o.s.b.a.h2.H2ConsoleAutoConfiguration    : H2 console available at '/h2'. Database available at 'jdbc:h2:file:./abhi'
2024-01-04T00:36:26.447+05:30  INFO 11860 --- [restartedMain] o.hibernate.jpa.internal.util.LogHelper  : HHH000204: Processing PersistenceUnitInfo [name: default]
2024-01-04T00:36:26.449+05:30  INFO 11860 --- [restartedMain] o.h.c.internal.RegionFactoryInitiator    : HHH000026: Second-level cache disabled
2024-01-04T00:36:26.451+05:30  INFO 11860 --- [restartedMain] o.s.o.j.p.SpringPersistenceUnitInfo      : No LoadTimeWeaver setup: ignoring JPA class transformer
2024-01-04T00:36:26.452+05:30  WARN 11860 --- [restartedMain] org.hibernate.orm.deprecation            : HHH90000025: H2Dialect does not need to be specified explicitly using 'hibernate.dialect' (remove the property setting and it will be selected by default)
2024-01-04T00:36:26.477+05:30  INFO 11860 --- [restartedMain] o.h.e.t.j.p.i.JtaPlatformInitiator       : HHH000489: No JTA platform available (set 'hibernate.transaction.jta.platform' to enable JTA platform integration)
2024-01-04T00:36:26.478+05:30  INFO 11860 --- [restartedMain] j.LocalContainerEntityManagerFactoryBean : Initialized JPA EntityManagerFactory for persistence unit 'default'
2024-01-04T00:36:26.550+05:30  WARN 11860 --- [restartedMain] JpaBaseConfiguration$JpaWebConfiguration : spring.jpa.open-in-view is enabled by default. Therefore, database queries may be performed during view rendering. Explicitly configure spring.jpa.open-in-view to disable this warning
2024-01-04T00:36:26.641+05:30  INFO 11860 --- [restartedMain] o.s.b.d.a.OptionalLiveReloadServer       : LiveReload server is running on port 35729
2024-01-04T00:36:26.666+05:30  INFO 11860 --- [restartedMain] o.s.b.w.embedded.tomcat.TomcatWebServer  : Tomcat started on port 11478 (http) with context path ''
2024-01-04T00:36:26.671+05:30  INFO 11860 --- [restartedMain] com.abhi.Airport.Demo4Application        : Started Demo4Application in 0.603 seconds (process running for 353.377)
2024-01-04T00:36:26.672+05:30  INFO 11860 --- [restartedMain] .ConditionEvaluationDeltaLoggingListener : Condition evaluation unchanged
2024-01-04T00:36:34.161+05:30  INFO 11860 --- [File Watcher] rtingClassPathChangeChangedEventListener : Restarting due to 1 class path change (0 additions, 0 deletions, 1 modification)
2024-01-04T00:36:34.172+05:30  INFO 11860 --- [Thread-12] j.LocalContainerEntityManagerFactoryBean : Closing JPA EntityManagerFactory for persistence unit 'default'
2024-01-04T00:36:34.173+05:30  INFO 11860 --- [Thread-12] com.zaxxer.hikari.HikariDataSource       : HikariPool-3 - Shutdown initiated...
2024-01-04T00:36:34.217+05:30  INFO 11860 --- [Thread-12] com.zaxxer.hikari.HikariDataSource       : HikariPool-3 - Shutdown completed.
2024-01-04T00:36:34.276+05:30  INFO 11860 --- [restartedMain] com.abhi.Airport.Demo4Application        : Starting Demo4Application using Java 17.0.9 with PID 11860 (C:\Users\pashe\Documents\workspace-spring-tool-suite-4-4.21.0.RELEASE\demo-4\target\classes started by pashe in C:\Users\pashe\Documents\workspace-spring-tool-suite-4-4.21.0.RELEASE\demo-4)
2024-01-04T00:36:34.276+05:30  INFO 11860 --- [restartedMain] com.abhi.Airport.Demo4Application        : No active profile set, falling back to 1 default profile: "default"
2024-01-04T00:36:34.442+05:30  INFO 11860 --- [restartedMain] .s.d.r.c.RepositoryConfigurationDelegate : Bootstrapping Spring Data JPA repositories in DEFAULT mode.
2024-01-04T00:36:34.449+05:30  INFO 11860 --- [restartedMain] .s.d.r.c.RepositoryConfigurationDelegate : Finished Spring Data repository scanning in 7 ms. Found 1 JPA repository interface.
2024-01-04T00:36:34.520+05:30  INFO 11860 --- [restartedMain] o.s.b.w.embedded.tomcat.TomcatWebServer  : Tomcat initialized with port 11478 (http)
2024-01-04T00:36:34.520+05:30  INFO 11860 --- [restartedMain] o.apache.catalina.core.StandardService   : Starting service [Tomcat]
2024-01-04T00:36:34.521+05:30  INFO 11860 --- [restartedMain] o.apache.catalina.core.StandardEngine    : Starting Servlet engine: [Apache Tomcat/10.1.17]
2024-01-04T00:36:34.555+05:30  INFO 11860 --- [restartedMain] o.a.c.c.C.[Tomcat].[localhost].[/]       : Initializing Spring embedded WebApplicationContext
2024-01-04T00:36:34.555+05:30  INFO 11860 --- [restartedMain] w.s.c.ServletWebServerApplicationContext : Root WebApplicationContext: initialization completed in 277 ms
2024-01-04T00:36:34.565+05:30  INFO 11860 --- [restartedMain] com.zaxxer.hikari.HikariDataSource       : HikariPool-4 - Starting...
2024-01-04T00:36:34.584+05:30  INFO 11860 --- [restartedMain] com.zaxxer.hikari.pool.HikariPool        : HikariPool-4 - Added connection conn30: url=jdbc:h2:file:./abhi user=ABHISHEK
2024-01-04T00:36:34.584+05:30  INFO 11860 --- [restartedMain] com.zaxxer.hikari.HikariDataSource       : HikariPool-4 - Start completed.
2024-01-04T00:36:34.585+05:30  INFO 11860 --- [restartedMain] o.s.b.a.h2.H2ConsoleAutoConfiguration    : H2 console available at '/h2'. Database available at 'jdbc:h2:file:./abhi'
2024-01-04T00:36:34.606+05:30  INFO 11860 --- [restartedMain] o.hibernate.jpa.internal.util.LogHelper  : HHH000204: Processing PersistenceUnitInfo [name: default]
2024-01-04T00:36:34.608+05:30  INFO 11860 --- [restartedMain] o.h.c.internal.RegionFactoryInitiator    : HHH000026: Second-level cache disabled
2024-01-04T00:36:34.611+05:30  INFO 11860 --- [restartedMain] o.s.o.j.p.SpringPersistenceUnitInfo      : No LoadTimeWeaver setup: ignoring JPA class transformer
2024-01-04T00:36:34.613+05:30  WARN 11860 --- [restartedMain] org.hibernate.orm.deprecation            : HHH90000025: H2Dialect does not need to be specified explicitly using 'hibernate.dialect' (remove the property setting and it will be selected by default)
2024-01-04T00:36:34.636+05:30  INFO 11860 --- [restartedMain] o.h.e.t.j.p.i.JtaPlatformInitiator       : HHH000489: No JTA platform available (set 'hibernate.transaction.jta.platform' to enable JTA platform integration)
2024-01-04T00:36:34.638+05:30  INFO 11860 --- [restartedMain] j.LocalContainerEntityManagerFactoryBean : Initialized JPA EntityManagerFactory for persistence unit 'default'
2024-01-04T00:36:34.699+05:30  WARN 11860 --- [restartedMain] JpaBaseConfiguration$JpaWebConfiguration : spring.jpa.open-in-view is enabled by default. Therefore, database queries may be performed during view rendering. Explicitly configure spring.jpa.open-in-view to disable this warning
2024-01-04T00:36:34.763+05:30  INFO 11860 --- [restartedMain] o.s.b.d.a.OptionalLiveReloadServer       : LiveReload server is running on port 35729
2024-01-04T00:36:34.788+05:30  INFO 11860 --- [restartedMain] o.s.b.w.embedded.tomcat.TomcatWebServer  : Tomcat started on port 11478 (http) with context path ''
2024-01-04T00:36:34.791+05:30  INFO 11860 --- [restartedMain] com.abhi.Airport.Demo4Application        : Started Demo4Application in 0.537 seconds (process running for 361.497)
2024-01-04T00:36:34.792+05:30  INFO 11860 --- [restartedMain] .ConditionEvaluationDeltaLoggingListener : Condition evaluation unchanged
2024-01-04T00:36:37.627+05:30  INFO 11860 --- [File Watcher] rtingClassPathChangeChangedEventListener : Restarting due to 3 class path changes (0 additions, 0 deletions, 3 modifications)
2024-01-04T00:36:37.640+05:30  INFO 11860 --- [Thread-16] j.LocalContainerEntityManagerFactoryBean : Closing JPA EntityManagerFactory for persistence unit 'default'
2024-01-04T00:36:37.641+05:30  INFO 11860 --- [Thread-16] com.zaxxer.hikari.HikariDataSource       : HikariPool-4 - Shutdown initiated...
2024-01-04T00:36:37.684+05:30  INFO 11860 --- [Thread-16] com.zaxxer.hikari.HikariDataSource       : HikariPool-4 - Shutdown completed.
2024-01-04T00:36:37.735+05:30  INFO 11860 --- [restartedMain] com.abhi.Airport.Demo4Application        : Starting Demo4Application using Java 17.0.9 with PID 11860 (C:\Users\pashe\Documents\workspace-spring-tool-suite-4-4.21.0.RELEASE\demo-4\target\classes started by pashe in C:\Users\pashe\Documents\workspace-spring-tool-suite-4-4.21.0.RELEASE\demo-4)
2024-01-04T00:36:37.737+05:30  INFO 11860 --- [restartedMain] com.abhi.Airport.Demo4Application        : No active profile set, falling back to 1 default profile: "default"
2024-01-04T00:36:37.901+05:30  INFO 11860 --- [restartedMain] .s.d.r.c.RepositoryConfigurationDelegate : Bootstrapping Spring Data JPA repositories in DEFAULT mode.
2024-01-04T00:36:37.908+05:30  INFO 11860 --- [restartedMain] .s.d.r.c.RepositoryConfigurationDelegate : Finished Spring Data repository scanning in 6 ms. Found 1 JPA repository interface.
2024-01-04T00:36:37.994+05:30  INFO 11860 --- [restartedMain] o.s.b.w.embedded.tomcat.TomcatWebServer  : Tomcat initialized with port 11478 (http)
2024-01-04T00:36:37.995+05:30  INFO 11860 --- [restartedMain] o.apache.catalina.core.StandardService   : Starting service [Tomcat]
2024-01-04T00:36:37.995+05:30  INFO 11860 --- [restartedMain] o.apache.catalina.core.StandardEngine    : Starting Servlet engine: [Apache Tomcat/10.1.17]
2024-01-04T00:36:38.010+05:30  INFO 11860 --- [restartedMain] o.a.c.c.C.[Tomcat].[localhost].[/]       : Initializing Spring embedded WebApplicationContext
2024-01-04T00:36:38.011+05:30  INFO 11860 --- [restartedMain] w.s.c.ServletWebServerApplicationContext : Root WebApplicationContext: initialization completed in 273 ms
2024-01-04T00:36:38.021+05:30  INFO 11860 --- [restartedMain] com.zaxxer.hikari.HikariDataSource       : HikariPool-5 - Starting...
2024-01-04T00:36:38.041+05:30  INFO 11860 --- [restartedMain] com.zaxxer.hikari.pool.HikariPool        : HikariPool-5 - Added connection conn40: url=jdbc:h2:file:./abhi user=ABHISHEK
2024-01-04T00:36:38.041+05:30  INFO 11860 --- [restartedMain] com.zaxxer.hikari.HikariDataSource       : HikariPool-5 - Start completed.
2024-01-04T00:36:38.042+05:30  INFO 11860 --- [restartedMain] o.s.b.a.h2.H2ConsoleAutoConfiguration    : H2 console available at '/h2'. Database available at 'jdbc:h2:file:./abhi'
2024-01-04T00:36:38.057+05:30  INFO 11860 --- [restartedMain] o.hibernate.jpa.internal.util.LogHelper  : HHH000204: Processing PersistenceUnitInfo [name: default]
2024-01-04T00:36:38.059+05:30  INFO 11860 --- [restartedMain] o.h.c.internal.RegionFactoryInitiator    : HHH000026: Second-level cache disabled
2024-01-04T00:36:38.061+05:30  INFO 11860 --- [restartedMain] o.s.o.j.p.SpringPersistenceUnitInfo      : No LoadTimeWeaver setup: ignoring JPA class transformer
2024-01-04T00:36:38.063+05:30  WARN 11860 --- [restartedMain] org.hibernate.orm.deprecation            : HHH90000025: H2Dialect does not need to be specified explicitly using 'hibernate.dialect' (remove the property setting and it will be selected by default)
2024-01-04T00:36:38.082+05:30  INFO 11860 --- [restartedMain] o.h.e.t.j.p.i.JtaPlatformInitiator       : HHH000489: No JTA platform available (set 'hibernate.transaction.jta.platform' to enable JTA platform integration)
2024-01-04T00:36:38.085+05:30  INFO 11860 --- [restartedMain] j.LocalContainerEntityManagerFactoryBean : Initialized JPA EntityManagerFactory for persistence unit 'default'
2024-01-04T00:36:38.134+05:30  WARN 11860 --- [restartedMain] JpaBaseConfiguration$JpaWebConfiguration : spring.jpa.open-in-view is enabled by default. Therefore, database queries may be performed during view rendering. Explicitly configure spring.jpa.open-in-view to disable this warning
2024-01-04T00:36:38.202+05:30  INFO 11860 --- [restartedMain] o.s.b.d.a.OptionalLiveReloadServer       : LiveReload server is running on port 35729
2024-01-04T00:36:38.225+05:30  INFO 11860 --- [restartedMain] o.s.b.w.embedded.tomcat.TomcatWebServer  : Tomcat started on port 11478 (http) with context path ''
2024-01-04T00:36:38.231+05:30  INFO 11860 --- [restartedMain] com.abhi.Airport.Demo4Application        : Started Demo4Application in 0.512 seconds (process running for 364.937)
2024-01-04T00:36:38.232+05:30  INFO 11860 --- [restartedMain] .ConditionEvaluationDeltaLoggingListener : Condition evaluation unchanged
2024-01-04T00:36:40.661+05:30  INFO 11860 --- [File Watcher] rtingClassPathChangeChangedEventListener : Restarting due to 1 class path change (0 additions, 0 deletions, 1 modification)
2024-01-04T00:36:40.683+05:30  INFO 11860 --- [Thread-20] j.LocalContainerEntityManagerFactoryBean : Closing JPA EntityManagerFactory for persistence unit 'default'
2024-01-04T00:36:40.683+05:30  INFO 11860 --- [Thread-20] com.zaxxer.hikari.HikariDataSource       : HikariPool-5 - Shutdown initiated...
2024-01-04T00:36:40.724+05:30  INFO 11860 --- [Thread-20] com.zaxxer.hikari.HikariDataSource       : HikariPool-5 - Shutdown completed.
2024-01-04T00:36:40.779+05:30  INFO 11860 --- [restartedMain] com.abhi.Airport.Demo4Application        : Starting Demo4Application using Java 17.0.9 with PID 11860 (C:\Users\pashe\Documents\workspace-spring-tool-suite-4-4.21.0.RELEASE\demo-4\target\classes started by pashe in C:\Users\pashe\Documents\workspace-spring-tool-suite-4-4.21.0.RELEASE\demo-4)
2024-01-04T00:36:40.779+05:30  INFO 11860 --- [restartedMain] com.abhi.Airport.Demo4Application        : No active profile set, falling back to 1 default profile: "default"
2024-01-04T00:36:40.908+05:30  INFO 11860 --- [restartedMain] .s.d.r.c.RepositoryConfigurationDelegate : Bootstrapping Spring Data JPA repositories in DEFAULT mode.
2024-01-04T00:36:40.914+05:30  INFO 11860 --- [restartedMain] .s.d.r.c.RepositoryConfigurationDelegate : Finished Spring Data repository scanning in 6 ms. Found 1 JPA repository interface.
2024-01-04T00:36:40.982+05:30  INFO 11860 --- [restartedMain] o.s.b.w.embedded.tomcat.TomcatWebServer  : Tomcat initialized with port 11478 (http)
2024-01-04T00:36:40.983+05:30  INFO 11860 --- [restartedMain] o.apache.catalina.core.StandardService   : Starting service [Tomcat]
2024-01-04T00:36:40.983+05:30  INFO 11860 --- [restartedMain] o.apache.catalina.core.StandardEngine    : Starting Servlet engine: [Apache Tomcat/10.1.17]
2024-01-04T00:36:41.017+05:30  INFO 11860 --- [restartedMain] o.a.c.c.C.[Tomcat].[localhost].[/]       : Initializing Spring embedded WebApplicationContext
2024-01-04T00:36:41.017+05:30  INFO 11860 --- [restartedMain] w.s.c.ServletWebServerApplicationContext : Root WebApplicationContext: initialization completed in 236 ms
2024-01-04T00:36:41.027+05:30  INFO 11860 --- [restartedMain] com.zaxxer.hikari.HikariDataSource       : HikariPool-6 - Starting...
2024-01-04T00:36:41.043+05:30  INFO 11860 --- [restartedMain] com.zaxxer.hikari.pool.HikariPool        : HikariPool-6 - Added connection conn50: url=jdbc:h2:file:./abhi user=ABHISHEK
2024-01-04T00:36:41.043+05:30  INFO 11860 --- [restartedMain] com.zaxxer.hikari.HikariDataSource       : HikariPool-6 - Start completed.
2024-01-04T00:36:41.043+05:30  INFO 11860 --- [restartedMain] o.s.b.a.h2.H2ConsoleAutoConfiguration    : H2 console available at '/h2'. Database available at 'jdbc:h2:file:./abhi'
2024-01-04T00:36:41.058+05:30  INFO 11860 --- [restartedMain] o.hibernate.jpa.internal.util.LogHelper  : HHH000204: Processing PersistenceUnitInfo [name: default]
2024-01-04T00:36:41.060+05:30  INFO 11860 --- [restartedMain] o.h.c.internal.RegionFactoryInitiator    : HHH000026: Second-level cache disabled
2024-01-04T00:36:41.062+05:30  INFO 11860 --- [restartedMain] o.s.o.j.p.SpringPersistenceUnitInfo      : No LoadTimeWeaver setup: ignoring JPA class transformer
2024-01-04T00:36:41.063+05:30  WARN 11860 --- [restartedMain] org.hibernate.orm.deprecation            : HHH90000025: H2Dialect does not need to be specified explicitly using 'hibernate.dialect' (remove the property setting and it will be selected by default)
2024-01-04T00:36:41.080+05:30  INFO 11860 --- [restartedMain] o.h.e.t.j.p.i.JtaPlatformInitiator       : HHH000489: No JTA platform available (set 'hibernate.transaction.jta.platform' to enable JTA platform integration)
2024-01-04T00:36:41.081+05:30  INFO 11860 --- [restartedMain] j.LocalContainerEntityManagerFactoryBean : Initialized JPA EntityManagerFactory for persistence unit 'default'
2024-01-04T00:36:41.139+05:30  WARN 11860 --- [restartedMain] JpaBaseConfiguration$JpaWebConfiguration : spring.jpa.open-in-view is enabled by default. Therefore, database queries may be performed during view rendering. Explicitly configure spring.jpa.open-in-view to disable this warning
2024-01-04T00:36:41.205+05:30  INFO 11860 --- [restartedMain] o.s.b.d.a.OptionalLiveReloadServer       : LiveReload server is running on port 35729
2024-01-04T00:36:41.210+05:30  INFO 11860 --- [restartedMain] o.s.b.w.embedded.tomcat.TomcatWebServer  : Tomcat started on port 11478 (http) with context path ''
2024-01-04T00:36:41.213+05:30  INFO 11860 --- [restartedMain] com.abhi.Airport.Demo4Application        : Started Demo4Application in 0.453 seconds (process running for 367.919)
2024-01-04T00:36:41.214+05:30  INFO 11860 --- [restartedMain] .ConditionEvaluationDeltaLoggingListener : Condition evaluation unchanged
2024-01-04T00:36:48.499+05:30  INFO 11860 --- [http-nio-11478-exec-2] o.a.c.c.C.[Tomcat].[localhost].[/]       : Initializing Spring DispatcherServlet 'dispatcherServlet'
2024-01-04T00:36:48.500+05:30  INFO 11860 --- [http-nio-11478-exec-2] o.s.web.servlet.DispatcherServlet        : Initializing Servlet 'dispatcherServlet'
2024-01-04T00:36:48.501+05:30  INFO 11860 --- [http-nio-11478-exec-2] o.s.web.servlet.DispatcherServlet        : Completed initialization in 1 ms
2024-01-04T00:36:48.508+05:30  INFO 11860 --- [http-nio-11478-exec-2] c.a.A.Controller.AirportController       : creating all airport details.
2024-01-04T00:36:48.519+05:30 ERROR 11860 --- [http-nio-11478-exec-2] c.a.A.S.AirportServiceImplementation     : Airport is already Exists
2024-01-04T00:36:50.150+05:30  INFO 11860 --- [http-nio-11478-exec-3] c.a.A.Controller.AirportController       : creating all airport details.
2024-01-04T00:36:50.153+05:30 ERROR 11860 --- [http-nio-11478-exec-3] c.a.A.S.AirportServiceImplementation     : Airport is already Exists
2024-01-04T00:39:37.087+05:30  INFO 11860 --- [File Watcher] rtingClassPathChangeChangedEventListener : Restarting due to 1 class path change (0 additions, 0 deletions, 1 modification)
2024-01-04T00:39:37.096+05:30  INFO 11860 --- [Thread-24] j.LocalContainerEntityManagerFactoryBean : Closing JPA EntityManagerFactory for persistence unit 'default'
2024-01-04T00:39:37.097+05:30  INFO 11860 --- [Thread-24] com.zaxxer.hikari.HikariDataSource       : HikariPool-6 - Shutdown initiated...
2024-01-04T00:39:37.136+05:30  INFO 11860 --- [Thread-24] com.zaxxer.hikari.HikariDataSource       : HikariPool-6 - Shutdown completed.
2024-01-04T00:39:37.192+05:30  INFO 11860 --- [restartedMain] com.abhi.Airport.Demo4Application        : Starting Demo4Application using Java 17.0.9 with PID 11860 (C:\Users\pashe\Documents\workspace-spring-tool-suite-4-4.21.0.RELEASE\demo-4\target\classes started by pashe in C:\Users\pashe\Documents\workspace-spring-tool-suite-4-4.21.0.RELEASE\demo-4)
2024-01-04T00:39:37.193+05:30  INFO 11860 --- [restartedMain] com.abhi.Airport.Demo4Application        : No active profile set, falling back to 1 default profile: "default"
2024-01-04T00:39:37.401+05:30  INFO 11860 --- [restartedMain] .s.d.r.c.RepositoryConfigurationDelegate : Bootstrapping Spring Data JPA repositories in DEFAULT mode.
2024-01-04T00:39:37.409+05:30  INFO 11860 --- [restartedMain] .s.d.r.c.RepositoryConfigurationDelegate : Finished Spring Data repository scanning in 7 ms. Found 1 JPA repository interface.
2024-01-04T00:39:37.485+05:30  INFO 11860 --- [restartedMain] o.s.b.w.embedded.tomcat.TomcatWebServer  : Tomcat initialized with port 11478 (http)
2024-01-04T00:39:37.486+05:30  INFO 11860 --- [restartedMain] o.apache.catalina.core.StandardService   : Starting service [Tomcat]
2024-01-04T00:39:37.486+05:30  INFO 11860 --- [restartedMain] o.apache.catalina.core.StandardEngine    : Starting Servlet engine: [Apache Tomcat/10.1.17]
2024-01-04T00:39:37.499+05:30  INFO 11860 --- [restartedMain] o.a.c.c.C.[Tomcat].[localhost].[/]       : Initializing Spring embedded WebApplicationContext
2024-01-04T00:39:37.499+05:30  INFO 11860 --- [restartedMain] w.s.c.ServletWebServerApplicationContext : Root WebApplicationContext: initialization completed in 305 ms
2024-01-04T00:39:37.506+05:30  INFO 11860 --- [restartedMain] com.zaxxer.hikari.HikariDataSource       : HikariPool-7 - Starting...
2024-01-04T00:39:37.522+05:30  INFO 11860 --- [restartedMain] com.zaxxer.hikari.pool.HikariPool        : HikariPool-7 - Added connection conn60: url=jdbc:h2:file:./abhi user=ABHISHEK
2024-01-04T00:39:37.522+05:30  INFO 11860 --- [restartedMain] com.zaxxer.hikari.HikariDataSource       : HikariPool-7 - Start completed.
2024-01-04T00:39:37.522+05:30  INFO 11860 --- [restartedMain] o.s.b.a.h2.H2ConsoleAutoConfiguration    : H2 console available at '/h2'. Database available at 'jdbc:h2:file:./abhi'
2024-01-04T00:39:37.540+05:30  INFO 11860 --- [restartedMain] o.hibernate.jpa.internal.util.LogHelper  : HHH000204: Processing PersistenceUnitInfo [name: default]
2024-01-04T00:39:37.542+05:30  INFO 11860 --- [restartedMain] o.h.c.internal.RegionFactoryInitiator    : HHH000026: Second-level cache disabled
2024-01-04T00:39:37.545+05:30  INFO 11860 --- [restartedMain] o.s.o.j.p.SpringPersistenceUnitInfo      : No LoadTimeWeaver setup: ignoring JPA class transformer
2024-01-04T00:39:37.547+05:30  WARN 11860 --- [restartedMain] org.hibernate.orm.deprecation            : HHH90000025: H2Dialect does not need to be specified explicitly using 'hibernate.dialect' (remove the property setting and it will be selected by default)
2024-01-04T00:39:37.568+05:30  INFO 11860 --- [restartedMain] o.h.e.t.j.p.i.JtaPlatformInitiator       : HHH000489: No JTA platform available (set 'hibernate.transaction.jta.platform' to enable JTA platform integration)
2024-01-04T00:39:37.569+05:30  INFO 11860 --- [restartedMain] j.LocalContainerEntityManagerFactoryBean : Initialized JPA EntityManagerFactory for persistence unit 'default'
2024-01-04T00:39:37.623+05:30  WARN 11860 --- [restartedMain] JpaBaseConfiguration$JpaWebConfiguration : spring.jpa.open-in-view is enabled by default. Therefore, database queries may be performed during view rendering. Explicitly configure spring.jpa.open-in-view to disable this warning
2024-01-04T00:39:37.689+05:30  INFO 11860 --- [restartedMain] o.s.b.d.a.OptionalLiveReloadServer       : LiveReload server is running on port 35729
2024-01-04T00:39:37.696+05:30  INFO 11860 --- [restartedMain] o.s.b.w.embedded.tomcat.TomcatWebServer  : Tomcat started on port 11478 (http) with context path ''
2024-01-04T00:39:37.699+05:30  INFO 11860 --- [restartedMain] com.abhi.Airport.Demo4Application        : Started Demo4Application in 0.527 seconds (process running for 544.405)
2024-01-04T00:39:37.701+05:30  INFO 11860 --- [restartedMain] .ConditionEvaluationDeltaLoggingListener : Condition evaluation unchanged
2024-01-04T00:40:10.995+05:30  INFO 11860 --- [http-nio-11478-exec-1] o.a.c.c.C.[Tomcat].[localhost].[/]       : Initializing Spring DispatcherServlet 'dispatcherServlet'
2024-01-04T00:40:10.996+05:30  INFO 11860 --- [http-nio-11478-exec-1] o.s.web.servlet.DispatcherServlet        : Initializing Servlet 'dispatcherServlet'
2024-01-04T00:40:10.997+05:30  INFO 11860 --- [http-nio-11478-exec-1] o.s.web.servlet.DispatcherServlet        : Completed initialization in 1 ms
2024-01-04T00:40:24.665+05:30  INFO 11860 --- [http-nio-11478-exec-3] c.a.A.Controller.AirportController       : Fetching all airport details.
2024-01-04T00:40:24.666+05:30  INFO 11860 --- [http-nio-11478-exec-3] c.a.A.S.AirportServiceImplementation     : Fetching all airports from the repository.
2024-01-04T00:42:29.635+05:30  INFO 11860 --- [File Watcher] rtingClassPathChangeChangedEventListener : Restarting due to 1 class path change (0 additions, 0 deletions, 1 modification)
2024-01-04T00:42:29.658+05:30  INFO 11860 --- [Thread-28] j.LocalContainerEntityManagerFactoryBean : Closing JPA EntityManagerFactory for persistence unit 'default'
2024-01-04T00:42:29.658+05:30  INFO 11860 --- [Thread-28] com.zaxxer.hikari.HikariDataSource       : HikariPool-7 - Shutdown initiated...
2024-01-04T00:42:29.700+05:30  INFO 11860 --- [Thread-28] com.zaxxer.hikari.HikariDataSource       : HikariPool-7 - Shutdown completed.
2024-01-04T00:42:29.751+05:30  INFO 11860 --- [restartedMain] com.abhi.Airport.Demo4Application        : Starting Demo4Application using Java 17.0.9 with PID 11860 (C:\Users\pashe\Documents\workspace-spring-tool-suite-4-4.21.0.RELEASE\demo-4\target\classes started by pashe in C:\Users\pashe\Documents\workspace-spring-tool-suite-4-4.21.0.RELEASE\demo-4)
2024-01-04T00:42:29.751+05:30  INFO 11860 --- [restartedMain] com.abhi.Airport.Demo4Application        : No active profile set, falling back to 1 default profile: "default"
2024-01-04T00:42:29.881+05:30  INFO 11860 --- [restartedMain] .s.d.r.c.RepositoryConfigurationDelegate : Bootstrapping Spring Data JPA repositories in DEFAULT mode.
2024-01-04T00:42:29.889+05:30  INFO 11860 --- [restartedMain] .s.d.r.c.RepositoryConfigurationDelegate : Finished Spring Data repository scanning in 7 ms. Found 1 JPA repository interface.
2024-01-04T00:42:29.951+05:30  INFO 11860 --- [restartedMain] o.s.b.w.embedded.tomcat.TomcatWebServer  : Tomcat initialized with port 11478 (http)
2024-01-04T00:42:29.952+05:30  INFO 11860 --- [restartedMain] o.apache.catalina.core.StandardService   : Starting service [Tomcat]
2024-01-04T00:42:29.952+05:30  INFO 11860 --- [restartedMain] o.apache.catalina.core.StandardEngine    : Starting Servlet engine: [Apache Tomcat/10.1.17]
2024-01-04T00:42:29.965+05:30  INFO 11860 --- [restartedMain] o.a.c.c.C.[Tomcat].[localhost].[/]       : Initializing Spring embedded WebApplicationContext
2024-01-04T00:42:29.966+05:30  INFO 11860 --- [restartedMain] w.s.c.ServletWebServerApplicationContext : Root WebApplicationContext: initialization completed in 213 ms
2024-01-04T00:42:29.972+05:30  INFO 11860 --- [restartedMain] com.zaxxer.hikari.HikariDataSource       : HikariPool-8 - Starting...
2024-01-04T00:42:29.992+05:30  INFO 11860 --- [restartedMain] com.zaxxer.hikari.pool.HikariPool        : HikariPool-8 - Added connection conn70: url=jdbc:h2:file:./abhi user=ABHISHEK
2024-01-04T00:42:29.993+05:30  INFO 11860 --- [restartedMain] com.zaxxer.hikari.HikariDataSource       : HikariPool-8 - Start completed.
2024-01-04T00:42:29.993+05:30  INFO 11860 --- [restartedMain] o.s.b.a.h2.H2ConsoleAutoConfiguration    : H2 console available at '/h2'. Database available at 'jdbc:h2:file:./abhi'
2024-01-04T00:42:30.007+05:30  INFO 11860 --- [restartedMain] o.hibernate.jpa.internal.util.LogHelper  : HHH000204: Processing PersistenceUnitInfo [name: default]
2024-01-04T00:42:30.009+05:30  INFO 11860 --- [restartedMain] o.h.c.internal.RegionFactoryInitiator    : HHH000026: Second-level cache disabled
2024-01-04T00:42:30.012+05:30  INFO 11860 --- [restartedMain] o.s.o.j.p.SpringPersistenceUnitInfo      : No LoadTimeWeaver setup: ignoring JPA class transformer
2024-01-04T00:42:30.013+05:30  WARN 11860 --- [restartedMain] org.hibernate.orm.deprecation            : HHH90000025: H2Dialect does not need to be specified explicitly using 'hibernate.dialect' (remove the property setting and it will be selected by default)
2024-01-04T00:42:30.032+05:30  INFO 11860 --- [restartedMain] o.h.e.t.j.p.i.JtaPlatformInitiator       : HHH000489: No JTA platform available (set 'hibernate.transaction.jta.platform' to enable JTA platform integration)
2024-01-04T00:42:30.034+05:30  INFO 11860 --- [restartedMain] j.LocalContainerEntityManagerFactoryBean : Initialized JPA EntityManagerFactory for persistence unit 'default'
2024-01-04T00:42:30.087+05:30  WARN 11860 --- [restartedMain] JpaBaseConfiguration$JpaWebConfiguration : spring.jpa.open-in-view is enabled by default. Therefore, database queries may be performed during view rendering. Explicitly configure spring.jpa.open-in-view to disable this warning
2024-01-04T00:42:30.156+05:30  INFO 11860 --- [restartedMain] o.s.b.d.a.OptionalLiveReloadServer       : LiveReload server is running on port 35729
2024-01-04T00:42:30.163+05:30  INFO 11860 --- [restartedMain] o.s.b.w.embedded.tomcat.TomcatWebServer  : Tomcat started on port 11478 (http) with context path ''
2024-01-04T00:42:30.167+05:30  INFO 11860 --- [restartedMain] com.abhi.Airport.Demo4Application        : Started Demo4Application in 0.432 seconds (process running for 716.872)
2024-01-04T00:42:30.168+05:30  INFO 11860 --- [restartedMain] .ConditionEvaluationDeltaLoggingListener : Condition evaluation unchanged
2024-01-04T00:42:34.829+05:30  INFO 11860 --- [http-nio-11478-exec-2] o.a.c.c.C.[Tomcat].[localhost].[/]       : Initializing Spring DispatcherServlet 'dispatcherServlet'
2024-01-04T00:42:34.831+05:30  INFO 11860 --- [http-nio-11478-exec-2] o.s.web.servlet.DispatcherServlet        : Initializing Servlet 'dispatcherServlet'
2024-01-04T00:42:34.831+05:30  INFO 11860 --- [http-nio-11478-exec-2] o.s.web.servlet.DispatcherServlet        : Completed initialization in 0 ms
2024-01-04T00:42:34.832+05:30  INFO 11860 --- [http-nio-11478-exec-2] c.a.A.Controller.AirportController       : Fetching all airport details.
2024-01-04T00:42:34.832+05:30  INFO 11860 --- [http-nio-11478-exec-2] c.a.A.S.AirportServiceImplementation     : Fetching all airports from the repository.
2024-01-04T00:42:38.763+05:30  INFO 11860 --- [http-nio-11478-exec-1] c.a.A.Controller.AirportController       : creating all airport details.
2024-01-04T00:42:38.768+05:30 ERROR 11860 --- [http-nio-11478-exec-1] c.a.A.S.AirportServiceImplementation     : Airport is already Exists
2024-01-04T00:42:42.131+05:30  INFO 11860 --- [http-nio-11478-exec-6] c.a.A.Controller.AirportController       : deleting specific airport details.
2024-01-04T00:42:42.134+05:30 ERROR 11860 --- [http-nio-11478-exec-6] c.a.A.S.AirportServiceImplementation     : Airport with IATA code does not exist
2024-01-04T00:42:44.201+05:30  INFO 11860 --- [http-nio-11478-exec-4] c.a.A.Controller.AirportController       : deleting specific airport details.
2024-01-04T00:42:44.203+05:30  INFO 11860 --- [http-nio-11478-exec-4] c.a.A.S.AirportServiceImplementation     : Deleting specific airport from the repository.
2024-01-04T00:42:49.530+05:30  INFO 11860 --- [http-nio-11478-exec-7] c.a.A.Controller.AirportController       : creating all airport details.
2024-01-04T00:42:49.533+05:30  INFO 11860 --- [http-nio-11478-exec-7] c.a.A.S.AirportServiceImplementation     : Creating airport...
2024-01-04T00:43:14.494+05:30  INFO 11860 --- [File Watcher] rtingClassPathChangeChangedEventListener : Restarting due to 1 class path change (0 additions, 0 deletions, 1 modification)
2024-01-04T00:43:14.504+05:30  INFO 11860 --- [Thread-32] j.LocalContainerEntityManagerFactoryBean : Closing JPA EntityManagerFactory for persistence unit 'default'
2024-01-04T00:43:14.505+05:30  INFO 11860 --- [Thread-32] com.zaxxer.hikari.HikariDataSource       : HikariPool-8 - Shutdown initiated...
2024-01-04T00:43:14.525+05:30  INFO 11860 --- [Thread-32] com.zaxxer.hikari.HikariDataSource       : HikariPool-8 - Shutdown completed.
2024-01-04T00:43:14.589+05:30  INFO 11860 --- [restartedMain] com.abhi.Airport.Demo4Application        : Starting Demo4Application using Java 17.0.9 with PID 11860 (C:\Users\pashe\Documents\workspace-spring-tool-suite-4-4.21.0.RELEASE\demo-4\target\classes started by pashe in C:\Users\pashe\Documents\workspace-spring-tool-suite-4-4.21.0.RELEASE\demo-4)
2024-01-04T00:43:14.589+05:30  INFO 11860 --- [restartedMain] com.abhi.Airport.Demo4Application        : No active profile set, falling back to 1 default profile: "default"
2024-01-04T00:43:14.724+05:30  INFO 11860 --- [restartedMain] .s.d.r.c.RepositoryConfigurationDelegate : Bootstrapping Spring Data JPA repositories in DEFAULT mode.
2024-01-04T00:43:14.729+05:30  INFO 11860 --- [restartedMain] .s.d.r.c.RepositoryConfigurationDelegate : Finished Spring Data repository scanning in 5 ms. Found 1 JPA repository interface.
2024-01-04T00:43:14.799+05:30  INFO 11860 --- [restartedMain] o.s.b.w.embedded.tomcat.TomcatWebServer  : Tomcat initialized with port 11478 (http)
2024-01-04T00:43:14.800+05:30  INFO 11860 --- [restartedMain] o.apache.catalina.core.StandardService   : Starting service [Tomcat]
2024-01-04T00:43:14.800+05:30  INFO 11860 --- [restartedMain] o.apache.catalina.core.StandardEngine    : Starting Servlet engine: [Apache Tomcat/10.1.17]
2024-01-04T00:43:14.812+05:30  INFO 11860 --- [restartedMain] o.a.c.c.C.[Tomcat].[localhost].[/]       : Initializing Spring embedded WebApplicationContext
2024-01-04T00:43:14.812+05:30  INFO 11860 --- [restartedMain] w.s.c.ServletWebServerApplicationContext : Root WebApplicationContext: initialization completed in 221 ms
2024-01-04T00:43:14.821+05:30  INFO 11860 --- [restartedMain] com.zaxxer.hikari.HikariDataSource       : HikariPool-9 - Starting...
2024-01-04T00:43:14.834+05:30  INFO 11860 --- [restartedMain] com.zaxxer.hikari.pool.HikariPool        : HikariPool-9 - Added connection conn80: url=jdbc:h2:file:./abhi user=ABHISHEK
2024-01-04T00:43:14.835+05:30  INFO 11860 --- [restartedMain] com.zaxxer.hikari.HikariDataSource       : HikariPool-9 - Start completed.
2024-01-04T00:43:14.835+05:30  INFO 11860 --- [restartedMain] o.s.b.a.h2.H2ConsoleAutoConfiguration    : H2 console available at '/h2'. Database available at 'jdbc:h2:file:./abhi'
2024-01-04T00:43:14.868+05:30  INFO 11860 --- [restartedMain] o.hibernate.jpa.internal.util.LogHelper  : HHH000204: Processing PersistenceUnitInfo [name: default]
2024-01-04T00:43:14.870+05:30  INFO 11860 --- [restartedMain] o.h.c.internal.RegionFactoryInitiator    : HHH000026: Second-level cache disabled
2024-01-04T00:43:14.874+05:30  INFO 11860 --- [restartedMain] o.s.o.j.p.SpringPersistenceUnitInfo      : No LoadTimeWeaver setup: ignoring JPA class transformer
2024-01-04T00:43:14.876+05:30  WARN 11860 --- [restartedMain] org.hibernate.orm.deprecation            : HHH90000025: H2Dialect does not need to be specified explicitly using 'hibernate.dialect' (remove the property setting and it will be selected by default)
2024-01-04T00:43:14.903+05:30  INFO 11860 --- [restartedMain] o.h.e.t.j.p.i.JtaPlatformInitiator       : HHH000489: No JTA platform available (set 'hibernate.transaction.jta.platform' to enable JTA platform integration)
2024-01-04T00:43:14.904+05:30  INFO 11860 --- [restartedMain] j.LocalContainerEntityManagerFactoryBean : Initialized JPA EntityManagerFactory for persistence unit 'default'
2024-01-04T00:43:14.964+05:30  WARN 11860 --- [restartedMain] JpaBaseConfiguration$JpaWebConfiguration : spring.jpa.open-in-view is enabled by default. Therefore, database queries may be performed during view rendering. Explicitly configure spring.jpa.open-in-view to disable this warning
2024-01-04T00:43:15.024+05:30  INFO 11860 --- [restartedMain] o.s.b.d.a.OptionalLiveReloadServer       : LiveReload server is running on port 35729
2024-01-04T00:43:15.031+05:30  INFO 11860 --- [restartedMain] o.s.b.w.embedded.tomcat.TomcatWebServer  : Tomcat started on port 11478 (http) with context path ''
2024-01-04T00:43:15.034+05:30  INFO 11860 --- [restartedMain] com.abhi.Airport.Demo4Application        : Started Demo4Application in 0.462 seconds (process running for 761.74)
2024-01-04T00:43:15.036+05:30  INFO 11860 --- [restartedMain] .ConditionEvaluationDeltaLoggingListener : Condition evaluation unchanged
2024-01-04T00:43:53.127+05:30  INFO 11860 --- [File Watcher] rtingClassPathChangeChangedEventListener : Restarting due to 1 class path change (0 additions, 0 deletions, 1 modification)
2024-01-04T00:43:53.146+05:30  INFO 11860 --- [Thread-36] j.LocalContainerEntityManagerFactoryBean : Closing JPA EntityManagerFactory for persistence unit 'default'
2024-01-04T00:43:53.147+05:30  INFO 11860 --- [Thread-36] com.zaxxer.hikari.HikariDataSource       : HikariPool-9 - Shutdown initiated...
2024-01-04T00:43:53.190+05:30  INFO 11860 --- [Thread-36] com.zaxxer.hikari.HikariDataSource       : HikariPool-9 - Shutdown completed.
2024-01-04T00:43:53.239+05:30  INFO 11860 --- [restartedMain] com.abhi.Airport.Demo4Application        : Starting Demo4Application using Java 17.0.9 with PID 11860 (C:\Users\pashe\Documents\workspace-spring-tool-suite-4-4.21.0.RELEASE\demo-4\target\classes started by pashe in C:\Users\pashe\Documents\workspace-spring-tool-suite-4-4.21.0.RELEASE\demo-4)
2024-01-04T00:43:53.239+05:30  INFO 11860 --- [restartedMain] com.abhi.Airport.Demo4Application        : No active profile set, falling back to 1 default profile: "default"
2024-01-04T00:43:53.336+05:30  INFO 11860 --- [restartedMain] .s.d.r.c.RepositoryConfigurationDelegate : Bootstrapping Spring Data JPA repositories in DEFAULT mode.
2024-01-04T00:43:53.343+05:30  INFO 11860 --- [restartedMain] .s.d.r.c.RepositoryConfigurationDelegate : Finished Spring Data repository scanning in 6 ms. Found 1 JPA repository interface.
2024-01-04T00:43:53.396+05:30  INFO 11860 --- [restartedMain] o.s.b.w.embedded.tomcat.TomcatWebServer  : Tomcat initialized with port 11478 (http)
2024-01-04T00:43:53.397+05:30  INFO 11860 --- [restartedMain] o.apache.catalina.core.StandardService   : Starting service [Tomcat]
2024-01-04T00:43:53.397+05:30  INFO 11860 --- [restartedMain] o.apache.catalina.core.StandardEngine    : Starting Servlet engine: [Apache Tomcat/10.1.17]
2024-01-04T00:43:53.410+05:30  INFO 11860 --- [restartedMain] o.a.c.c.C.[Tomcat].[localhost].[/]       : Initializing Spring embedded WebApplicationContext
2024-01-04T00:43:53.410+05:30  INFO 11860 --- [restartedMain] w.s.c.ServletWebServerApplicationContext : Root WebApplicationContext: initialization completed in 170 ms
2024-01-04T00:43:53.419+05:30  INFO 11860 --- [restartedMain] com.zaxxer.hikari.HikariDataSource       : HikariPool-10 - Starting...
2024-01-04T00:43:53.436+05:30  INFO 11860 --- [restartedMain] com.zaxxer.hikari.pool.HikariPool        : HikariPool-10 - Added connection conn90: url=jdbc:h2:file:./abhi user=ABHISHEK
2024-01-04T00:43:53.439+05:30  INFO 11860 --- [restartedMain] com.zaxxer.hikari.HikariDataSource       : HikariPool-10 - Start completed.
2024-01-04T00:43:53.440+05:30  INFO 11860 --- [restartedMain] o.s.b.a.h2.H2ConsoleAutoConfiguration    : H2 console available at '/h2'. Database available at 'jdbc:h2:file:./abhi'
2024-01-04T00:43:53.456+05:30  INFO 11860 --- [restartedMain] o.hibernate.jpa.internal.util.LogHelper  : HHH000204: Processing PersistenceUnitInfo [name: default]
2024-01-04T00:43:53.458+05:30  INFO 11860 --- [restartedMain] o.h.c.internal.RegionFactoryInitiator    : HHH000026: Second-level cache disabled
2024-01-04T00:43:53.461+05:30  INFO 11860 --- [restartedMain] o.s.o.j.p.SpringPersistenceUnitInfo      : No LoadTimeWeaver setup: ignoring JPA class transformer
2024-01-04T00:43:53.462+05:30  WARN 11860 --- [restartedMain] org.hibernate.orm.deprecation            : HHH90000025: H2Dialect does not need to be specified explicitly using 'hibernate.dialect' (remove the property setting and it will be selected by default)
2024-01-04T00:43:53.482+05:30  INFO 11860 --- [restartedMain] o.h.e.t.j.p.i.JtaPlatformInitiator       : HHH000489: No JTA platform available (set 'hibernate.transaction.jta.platform' to enable JTA platform integration)
2024-01-04T00:43:53.483+05:30  INFO 11860 --- [restartedMain] j.LocalContainerEntityManagerFactoryBean : Initialized JPA EntityManagerFactory for persistence unit 'default'
2024-01-04T00:43:53.524+05:30  WARN 11860 --- [restartedMain] JpaBaseConfiguration$JpaWebConfiguration : spring.jpa.open-in-view is enabled by default. Therefore, database queries may be performed during view rendering. Explicitly configure spring.jpa.open-in-view to disable this warning
2024-01-04T00:43:53.580+05:30  INFO 11860 --- [restartedMain] o.s.b.d.a.OptionalLiveReloadServer       : LiveReload server is running on port 35729
2024-01-04T00:43:53.584+05:30  INFO 11860 --- [restartedMain] o.s.b.w.embedded.tomcat.TomcatWebServer  : Tomcat started on port 11478 (http) with context path ''
2024-01-04T00:43:53.586+05:30  INFO 11860 --- [restartedMain] com.abhi.Airport.Demo4Application        : Started Demo4Application in 0.36 seconds (process running for 800.292)
2024-01-04T00:43:53.587+05:30  INFO 11860 --- [restartedMain] .ConditionEvaluationDeltaLoggingListener : Condition evaluation unchanged
2024-01-04T00:52:17.043+05:30  INFO 11860 --- [File Watcher] rtingClassPathChangeChangedEventListener : Restarting due to 1 class path change (0 additions, 0 deletions, 1 modification)
2024-01-04T00:52:17.056+05:30  INFO 11860 --- [Thread-40] j.LocalContainerEntityManagerFactoryBean : Closing JPA EntityManagerFactory for persistence unit 'default'
2024-01-04T00:52:17.057+05:30  INFO 11860 --- [Thread-40] com.zaxxer.hikari.HikariDataSource       : HikariPool-10 - Shutdown initiated...
2024-01-04T00:52:17.083+05:30  INFO 11860 --- [Thread-40] com.zaxxer.hikari.HikariDataSource       : HikariPool-10 - Shutdown completed.
2024-01-04T00:52:17.146+05:30  INFO 11860 --- [restartedMain] com.abhi.Airport.Demo4Application        : Starting Demo4Application using Java 17.0.9 with PID 11860 (C:\Users\pashe\Documents\workspace-spring-tool-suite-4-4.21.0.RELEASE\demo-4\target\classes started by pashe in C:\Users\pashe\Documents\workspace-spring-tool-suite-4-4.21.0.RELEASE\demo-4)
2024-01-04T00:52:17.147+05:30  INFO 11860 --- [restartedMain] com.abhi.Airport.Demo4Application        : No active profile set, falling back to 1 default profile: "default"
2024-01-04T00:52:17.242+05:30  INFO 11860 --- [restartedMain] .s.d.r.c.RepositoryConfigurationDelegate : Bootstrapping Spring Data JPA repositories in DEFAULT mode.
2024-01-04T00:52:17.249+05:30  INFO 11860 --- [restartedMain] .s.d.r.c.RepositoryConfigurationDelegate : Finished Spring Data repository scanning in 6 ms. Found 1 JPA repository interface.
2024-01-04T00:52:17.295+05:30  INFO 11860 --- [restartedMain] o.s.b.w.embedded.tomcat.TomcatWebServer  : Tomcat initialized with port 11478 (http)
2024-01-04T00:52:17.296+05:30  INFO 11860 --- [restartedMain] o.apache.catalina.core.StandardService   : Starting service [Tomcat]
2024-01-04T00:52:17.296+05:30  INFO 11860 --- [restartedMain] o.apache.catalina.core.StandardEngine    : Starting Servlet engine: [Apache Tomcat/10.1.17]
2024-01-04T00:52:17.309+05:30  INFO 11860 --- [restartedMain] o.a.c.c.C.[Tomcat].[localhost].[/]       : Initializing Spring embedded WebApplicationContext
2024-01-04T00:52:17.310+05:30  INFO 11860 --- [restartedMain] w.s.c.ServletWebServerApplicationContext : Root WebApplicationContext: initialization completed in 161 ms
2024-01-04T00:52:17.323+05:30  INFO 11860 --- [restartedMain] com.zaxxer.hikari.HikariDataSource       : HikariPool-11 - Starting...
2024-01-04T00:52:17.342+05:30  INFO 11860 --- [restartedMain] com.zaxxer.hikari.pool.HikariPool        : HikariPool-11 - Added connection conn100: url=jdbc:h2:file:./abhi user=ABHISHEK
2024-01-04T00:52:17.342+05:30  INFO 11860 --- [restartedMain] com.zaxxer.hikari.HikariDataSource       : HikariPool-11 - Start completed.
2024-01-04T00:52:17.342+05:30  INFO 11860 --- [restartedMain] o.s.b.a.h2.H2ConsoleAutoConfiguration    : H2 console available at '/h2'. Database available at 'jdbc:h2:file:./abhi'
2024-01-04T00:52:17.370+05:30  INFO 11860 --- [restartedMain] o.hibernate.jpa.internal.util.LogHelper  : HHH000204: Processing PersistenceUnitInfo [name: default]
2024-01-04T00:52:17.373+05:30  INFO 11860 --- [restartedMain] o.h.c.internal.RegionFactoryInitiator    : HHH000026: Second-level cache disabled
2024-01-04T00:52:17.378+05:30  INFO 11860 --- [restartedMain] o.s.o.j.p.SpringPersistenceUnitInfo      : No LoadTimeWeaver setup: ignoring JPA class transformer
2024-01-04T00:52:17.380+05:30  WARN 11860 --- [restartedMain] org.hibernate.orm.deprecation            : HHH90000025: H2Dialect does not need to be specified explicitly using 'hibernate.dialect' (remove the property setting and it will be selected by default)
2024-01-04T00:52:17.407+05:30  INFO 11860 --- [restartedMain] o.h.e.t.j.p.i.JtaPlatformInitiator       : HHH000489: No JTA platform available (set 'hibernate.transaction.jta.platform' to enable JTA platform integration)
2024-01-04T00:52:17.408+05:30  INFO 11860 --- [restartedMain] j.LocalContainerEntityManagerFactoryBean : Initialized JPA EntityManagerFactory for persistence unit 'default'
2024-01-04T00:52:17.464+05:30  WARN 11860 --- [restartedMain] JpaBaseConfiguration$JpaWebConfiguration : spring.jpa.open-in-view is enabled by default. Therefore, database queries may be performed during view rendering. Explicitly configure spring.jpa.open-in-view to disable this warning
2024-01-04T00:52:17.530+05:30  INFO 11860 --- [restartedMain] o.s.b.d.a.OptionalLiveReloadServer       : LiveReload server is running on port 35729
2024-01-04T00:52:17.537+05:30  INFO 11860 --- [restartedMain] o.s.b.w.embedded.tomcat.TomcatWebServer  : Tomcat started on port 11478 (http) with context path ''
2024-01-04T00:52:17.539+05:30  INFO 11860 --- [restartedMain] com.abhi.Airport.Demo4Application        : Started Demo4Application in 0.409 seconds (process running for 1304.246)
2024-01-04T00:52:17.540+05:30  INFO 11860 --- [restartedMain] .ConditionEvaluationDeltaLoggingListener : Condition evaluation unchanged
2024-01-04T00:52:22.703+05:30  INFO 11860 --- [http-nio-11478-exec-3] o.a.c.c.C.[Tomcat].[localhost].[/]       : Initializing Spring DispatcherServlet 'dispatcherServlet'
2024-01-04T00:52:22.703+05:30  INFO 11860 --- [http-nio-11478-exec-3] o.s.web.servlet.DispatcherServlet        : Initializing Servlet 'dispatcherServlet'
2024-01-04T00:52:22.704+05:30  INFO 11860 --- [http-nio-11478-exec-3] o.s.web.servlet.DispatcherServlet        : Completed initialization in 1 ms
2024-01-04T00:52:44.557+05:30  INFO 11860 --- [http-nio-11478-exec-7] c.a.A.Controller.AirportController       : creating all airport details.
2024-01-04T00:52:44.566+05:30 ERROR 11860 --- [http-nio-11478-exec-7] c.a.A.S.AirportServiceImplementation     : Airport is already Exists
2024-01-04T00:53:17.870+05:30  INFO 11860 --- [http-nio-11478-exec-9] o.springdoc.api.AbstractOpenApiResource  : Init duration for springdoc-openapi is: 330 ms
2024-01-04T01:11:47.461+05:30  INFO 11860 --- [File Watcher] rtingClassPathChangeChangedEventListener : Restarting due to 1 class path change (0 additions, 0 deletions, 1 modification)
2024-01-04T01:11:47.475+05:30  INFO 11860 --- [Thread-44] j.LocalContainerEntityManagerFactoryBean : Closing JPA EntityManagerFactory for persistence unit 'default'
2024-01-04T01:11:47.476+05:30  INFO 11860 --- [Thread-44] com.zaxxer.hikari.HikariDataSource       : HikariPool-11 - Shutdown initiated...
2024-01-04T01:11:47.498+05:30  INFO 11860 --- [Thread-44] com.zaxxer.hikari.HikariDataSource       : HikariPool-11 - Shutdown completed.
2024-01-04T01:11:47.558+05:30  INFO 11860 --- [restartedMain] com.abhi.Airport.Demo4Application        : Starting Demo4Application using Java 17.0.9 with PID 11860 (C:\Users\pashe\Documents\workspace-spring-tool-suite-4-4.21.0.RELEASE\demo-4\target\classes started by pashe in C:\Users\pashe\Documents\workspace-spring-tool-suite-4-4.21.0.RELEASE\demo-4)
2024-01-04T01:11:47.558+05:30  INFO 11860 --- [restartedMain] com.abhi.Airport.Demo4Application        : No active profile set, falling back to 1 default profile: "default"
2024-01-04T01:11:47.697+05:30  INFO 11860 --- [restartedMain] .s.d.r.c.RepositoryConfigurationDelegate : Bootstrapping Spring Data JPA repositories in DEFAULT mode.
2024-01-04T01:11:47.703+05:30  INFO 11860 --- [restartedMain] .s.d.r.c.RepositoryConfigurationDelegate : Finished Spring Data repository scanning in 5 ms. Found 1 JPA repository interface.
2024-01-04T01:11:47.774+05:30  INFO 11860 --- [restartedMain] o.s.b.w.embedded.tomcat.TomcatWebServer  : Tomcat initialized with port 11478 (http)
2024-01-04T01:11:47.775+05:30  INFO 11860 --- [restartedMain] o.apache.catalina.core.StandardService   : Starting service [Tomcat]
2024-01-04T01:11:47.775+05:30  INFO 11860 --- [restartedMain] o.apache.catalina.core.StandardEngine    : Starting Servlet engine: [Apache Tomcat/10.1.17]
2024-01-04T01:11:47.787+05:30  INFO 11860 --- [restartedMain] o.a.c.c.C.[Tomcat].[localhost].[/]       : Initializing Spring embedded WebApplicationContext
2024-01-04T01:11:47.787+05:30  INFO 11860 --- [restartedMain] w.s.c.ServletWebServerApplicationContext : Root WebApplicationContext: initialization completed in 227 ms
2024-01-04T01:11:47.796+05:30  INFO 11860 --- [restartedMain] com.zaxxer.hikari.HikariDataSource       : HikariPool-12 - Starting...
2024-01-04T01:11:47.810+05:30  INFO 11860 --- [restartedMain] com.zaxxer.hikari.pool.HikariPool        : HikariPool-12 - Added connection conn110: url=jdbc:h2:file:./abhi user=ABHISHEK
2024-01-04T01:11:47.810+05:30  INFO 11860 --- [restartedMain] com.zaxxer.hikari.HikariDataSource       : HikariPool-12 - Start completed.
2024-01-04T01:11:47.810+05:30  INFO 11860 --- [restartedMain] o.s.b.a.h2.H2ConsoleAutoConfiguration    : H2 console available at '/h2'. Database available at 'jdbc:h2:file:./abhi'
2024-01-04T01:11:47.823+05:30  INFO 11860 --- [restartedMain] o.hibernate.jpa.internal.util.LogHelper  : HHH000204: Processing PersistenceUnitInfo [name: default]
2024-01-04T01:11:47.825+05:30  INFO 11860 --- [restartedMain] o.h.c.internal.RegionFactoryInitiator    : HHH000026: Second-level cache disabled
2024-01-04T01:11:47.827+05:30  INFO 11860 --- [restartedMain] o.s.o.j.p.SpringPersistenceUnitInfo      : No LoadTimeWeaver setup: ignoring JPA class transformer
2024-01-04T01:11:47.828+05:30  WARN 11860 --- [restartedMain] org.hibernate.orm.deprecation            : HHH90000025: H2Dialect does not need to be specified explicitly using 'hibernate.dialect' (remove the property setting and it will be selected by default)
2024-01-04T01:11:47.844+05:30  INFO 11860 --- [restartedMain] o.h.e.t.j.p.i.JtaPlatformInitiator       : HHH000489: No JTA platform available (set 'hibernate.transaction.jta.platform' to enable JTA platform integration)
2024-01-04T01:11:47.845+05:30  INFO 11860 --- [restartedMain] j.LocalContainerEntityManagerFactoryBean : Initialized JPA EntityManagerFactory for persistence unit 'default'
2024-01-04T01:11:47.893+05:30  WARN 11860 --- [restartedMain] JpaBaseConfiguration$JpaWebConfiguration : spring.jpa.open-in-view is enabled by default. Therefore, database queries may be performed during view rendering. Explicitly configure spring.jpa.open-in-view to disable this warning
2024-01-04T01:11:47.945+05:30  INFO 11860 --- [restartedMain] o.s.b.d.a.OptionalLiveReloadServer       : LiveReload server is running on port 35729
2024-01-04T01:11:47.952+05:30  INFO 11860 --- [restartedMain] o.s.b.w.embedded.tomcat.TomcatWebServer  : Tomcat started on port 11478 (http) with context path ''
2024-01-04T01:11:47.955+05:30  INFO 11860 --- [restartedMain] com.abhi.Airport.Demo4Application        : Started Demo4Application in 0.414 seconds (process running for 2474.661)
2024-01-04T01:11:47.956+05:30  INFO 11860 --- [restartedMain] .ConditionEvaluationDeltaLoggingListener : Condition evaluation unchanged
2024-01-04T01:11:53.443+05:30  INFO 11860 --- [File Watcher] rtingClassPathChangeChangedEventListener : Restarting due to 1 class path change (0 additions, 1 deletion, 0 modifications)
2024-01-04T01:11:53.457+05:30  INFO 11860 --- [Thread-48] j.LocalContainerEntityManagerFactoryBean : Closing JPA EntityManagerFactory for persistence unit 'default'
2024-01-04T01:11:53.458+05:30  INFO 11860 --- [Thread-48] com.zaxxer.hikari.HikariDataSource       : HikariPool-12 - Shutdown initiated...
2024-01-04T01:11:53.483+05:30  INFO 11860 --- [Thread-48] com.zaxxer.hikari.HikariDataSource       : HikariPool-12 - Shutdown completed.
2024-01-04T01:11:53.539+05:30  INFO 11860 --- [restartedMain] com.abhi.Airport.Demo4Application        : Starting Demo4Application using Java 17.0.9 with PID 11860 (C:\Users\pashe\Documents\workspace-spring-tool-suite-4-4.21.0.RELEASE\demo-4\target\classes started by pashe in C:\Users\pashe\Documents\workspace-spring-tool-suite-4-4.21.0.RELEASE\demo-4)
2024-01-04T01:11:53.540+05:30  INFO 11860 --- [restartedMain] com.abhi.Airport.Demo4Application        : No active profile set, falling back to 1 default profile: "default"
2024-01-04T01:11:53.635+05:30  INFO 11860 --- [restartedMain] .s.d.r.c.RepositoryConfigurationDelegate : Bootstrapping Spring Data JPA repositories in DEFAULT mode.
2024-01-04T01:11:53.642+05:30  INFO 11860 --- [restartedMain] .s.d.r.c.RepositoryConfigurationDelegate : Finished Spring Data repository scanning in 5 ms. Found 1 JPA repository interface.
2024-01-04T01:11:53.681+05:30  INFO 11860 --- [restartedMain] o.s.b.w.embedded.tomcat.TomcatWebServer  : Tomcat initialized with port 11478 (http)
2024-01-04T01:11:53.683+05:30  INFO 11860 --- [restartedMain] o.apache.catalina.core.StandardService   : Starting service [Tomcat]
2024-01-04T01:11:53.683+05:30  INFO 11860 --- [restartedMain] o.apache.catalina.core.StandardEngine    : Starting Servlet engine: [Apache Tomcat/10.1.17]
2024-01-04T01:11:53.693+05:30  INFO 11860 --- [restartedMain] o.a.c.c.C.[Tomcat].[localhost].[/]       : Initializing Spring embedded WebApplicationContext
2024-01-04T01:11:53.693+05:30  INFO 11860 --- [restartedMain] w.s.c.ServletWebServerApplicationContext : Root WebApplicationContext: initialization completed in 151 ms
2024-01-04T01:11:53.700+05:30  INFO 11860 --- [restartedMain] com.zaxxer.hikari.HikariDataSource       : HikariPool-13 - Starting...
2024-01-04T01:11:53.710+05:30  INFO 11860 --- [restartedMain] com.zaxxer.hikari.pool.HikariPool        : HikariPool-13 - Added connection conn120: url=jdbc:h2:file:./abhi user=ABHISHEK
2024-01-04T01:11:53.710+05:30  INFO 11860 --- [restartedMain] com.zaxxer.hikari.HikariDataSource       : HikariPool-13 - Start completed.
2024-01-04T01:11:53.711+05:30  INFO 11860 --- [restartedMain] o.s.b.a.h2.H2ConsoleAutoConfiguration    : H2 console available at '/h2'. Database available at 'jdbc:h2:file:./abhi'
2024-01-04T01:11:53.724+05:30  INFO 11860 --- [restartedMain] o.hibernate.jpa.internal.util.LogHelper  : HHH000204: Processing PersistenceUnitInfo [name: default]
2024-01-04T01:11:53.726+05:30  INFO 11860 --- [restartedMain] o.h.c.internal.RegionFactoryInitiator    : HHH000026: Second-level cache disabled
2024-01-04T01:11:53.730+05:30  INFO 11860 --- [restartedMain] o.s.o.j.p.SpringPersistenceUnitInfo      : No LoadTimeWeaver setup: ignoring JPA class transformer
2024-01-04T01:11:53.731+05:30  WARN 11860 --- [restartedMain] org.hibernate.orm.deprecation            : HHH90000025: H2Dialect does not need to be specified explicitly using 'hibernate.dialect' (remove the property setting and it will be selected by default)
2024-01-04T01:11:53.748+05:30  INFO 11860 --- [restartedMain] o.h.e.t.j.p.i.JtaPlatformInitiator       : HHH000489: No JTA platform available (set 'hibernate.transaction.jta.platform' to enable JTA platform integration)
2024-01-04T01:11:53.749+05:30  INFO 11860 --- [restartedMain] j.LocalContainerEntityManagerFactoryBean : Initialized JPA EntityManagerFactory for persistence unit 'default'
2024-01-04T01:11:53.801+05:30  WARN 11860 --- [restartedMain] JpaBaseConfiguration$JpaWebConfiguration : spring.jpa.open-in-view is enabled by default. Therefore, database queries may be performed during view rendering. Explicitly configure spring.jpa.open-in-view to disable this warning
2024-01-04T01:11:53.857+05:30  INFO 11860 --- [restartedMain] o.s.b.d.a.OptionalLiveReloadServer       : LiveReload server is running on port 35729
2024-01-04T01:11:53.862+05:30  INFO 11860 --- [restartedMain] o.s.b.w.embedded.tomcat.TomcatWebServer  : Tomcat started on port 11478 (http) with context path ''
2024-01-04T01:11:53.865+05:30  INFO 11860 --- [restartedMain] com.abhi.Airport.Demo4Application        : Started Demo4Application in 0.34 seconds (process running for 2480.572)
2024-01-04T01:11:53.866+05:30  INFO 11860 --- [restartedMain] .ConditionEvaluationDeltaLoggingListener : Condition evaluation unchanged
2024-01-04T01:12:04.526+05:30  INFO 11860 --- [http-nio-11478-exec-2] o.a.c.c.C.[Tomcat].[localhost].[/]       : Initializing Spring DispatcherServlet 'dispatcherServlet'
2024-01-04T01:12:04.527+05:30  INFO 11860 --- [http-nio-11478-exec-2] o.s.web.servlet.DispatcherServlet        : Initializing Servlet 'dispatcherServlet'
2024-01-04T01:12:04.527+05:30  INFO 11860 --- [http-nio-11478-exec-2] o.s.web.servlet.DispatcherServlet        : Completed initialization in 0 ms
2024-01-04T01:12:04.532+05:30  INFO 11860 --- [http-nio-11478-exec-2] c.a.A.Controller.AirportController       : creating all airport details.
2024-01-04T01:12:04.536+05:30 ERROR 11860 --- [http-nio-11478-exec-2] c.a.A.S.AirportServiceImplementation     : Airport is already Exists
2024-01-04T01:12:28.414+05:30  INFO 11860 --- [http-nio-11478-exec-4] c.a.A.Controller.AirportController       : creating all airport details.
2024-01-04T01:12:28.418+05:30 ERROR 11860 --- [http-nio-11478-exec-4] c.a.A.S.AirportServiceImplementation     : Airport is already Exists
2024-01-04T01:12:31.258+05:30  INFO 11860 --- [http-nio-11478-exec-7] c.a.A.Controller.AirportController       : creating all airport details.
2024-01-04T01:12:31.259+05:30 ERROR 11860 --- [http-nio-11478-exec-7] c.a.A.S.AirportServiceImplementation     : Airport is already Exists
2024-01-04T01:13:08.124+05:30  INFO 11860 --- [http-nio-11478-exec-5] c.a.A.Controller.AirportController       : Fetching all airport details.
2024-01-04T01:13:08.125+05:30  INFO 11860 --- [http-nio-11478-exec-5] c.a.A.S.AirportServiceImplementation     : Fetching all airports from the repository.
2024-01-04T01:13:28.046+05:30  INFO 11860 --- [http-nio-11478-exec-6] c.a.A.Controller.AirportController       : Fetching specific airport details.
2024-01-04T01:13:28.047+05:30  INFO 11860 --- [http-nio-11478-exec-6] c.a.A.S.AirportServiceImplementation     : Fetching specific airport from the repository.
2024-01-04T01:13:36.169+05:30  INFO 11860 --- [http-nio-11478-exec-8] c.a.A.Controller.AirportController       : creating all airport details.
2024-01-04T01:13:36.171+05:30 ERROR 11860 --- [http-nio-11478-exec-8] c.a.A.S.AirportServiceImplementation     : Airport is already Exists
2024-01-04T01:13:45.518+05:30  INFO 11860 --- [http-nio-11478-exec-10] c.a.A.Controller.AirportController       : creating all airport details.
2024-01-04T01:13:45.520+05:30  INFO 11860 --- [http-nio-11478-exec-10] c.a.A.S.AirportServiceImplementation     : Creating airport...
2024-01-04T01:14:07.998+05:30  WARN 11860 --- [http-nio-11478-exec-9] .w.s.m.s.DefaultHandlerExceptionResolver : Resolved [org.springframework.web.HttpRequestMethodNotSupportedException: Request method 'POST' is not supported]
2024-01-04T01:14:20.247+05:30  INFO 11860 --- [http-nio-11478-exec-1] c.a.A.Controller.AirportController       : creating all airport details.
2024-01-04T01:14:20.251+05:30 ERROR 11860 --- [http-nio-11478-exec-1] c.a.A.S.AirportServiceImplementation     : Airport is already Exists
2024-01-04T01:14:30.450+05:30  INFO 11860 --- [http-nio-11478-exec-2] c.a.A.Controller.AirportController       : updating specific airport details.
2024-01-04T01:14:30.450+05:30  INFO 11860 --- [http-nio-11478-exec-2] c.a.A.S.AirportServiceImplementation     : updating specific airport 
2024-01-04T01:14:44.509+05:30  INFO 11860 --- [http-nio-11478-exec-3] c.a.A.Controller.AirportController       : deleting specific airport details.
2024-01-04T01:14:44.512+05:30  INFO 11860 --- [http-nio-11478-exec-3] c.a.A.S.AirportServiceImplementation     : Deleting specific airport from the repository.
