2024-02-10T14:11:15.376+05:30  INFO 16860 --- [main] c.abhi.Airport.AirportApplicationTests   : Starting AirportApplicationTests using Java 17.0.9 with PID 16860 (started by pashe in C:\Users\pashe\Documents\workspace-spring-tool-suite-4-4.21.0.RELEASE\AirportsAPI)
2024-02-10T14:11:15.383+05:30  INFO 16860 --- [main] c.abhi.Airport.AirportApplicationTests   : No active profile set, falling back to 1 default profile: "default"
2024-02-10T14:11:16.358+05:30  INFO 16860 --- [main] .s.d.r.c.RepositoryConfigurationDelegate : Bootstrapping Spring Data JPA repositories in DEFAULT mode.
2024-02-10T14:11:16.432+05:30  INFO 16860 --- [main] .s.d.r.c.RepositoryConfigurationDelegate : Finished Spring Data repository scanning in 64 ms. Found 1 JPA repository interface.
2024-02-10T14:11:16.999+05:30  INFO 16860 --- [main] o.hibernate.jpa.internal.util.LogHelper  : HHH000204: Processing PersistenceUnitInfo [name: default]
2024-02-10T14:11:17.085+05:30  INFO 16860 --- [main] org.hibernate.Version                    : HHH000412: Hibernate ORM core version 6.4.1.Final
2024-02-10T14:11:17.140+05:30  INFO 16860 --- [main] o.h.c.internal.RegionFactoryInitiator    : HHH000026: Second-level cache disabled
2024-02-10T14:11:17.518+05:30  INFO 16860 --- [main] o.s.o.j.p.SpringPersistenceUnitInfo      : No LoadTimeWeaver setup: ignoring JPA class transformer
2024-02-10T14:11:17.560+05:30  INFO 16860 --- [main] com.zaxxer.hikari.HikariDataSource       : HikariPool-1 - Starting...
2024-02-10T14:11:17.842+05:30  INFO 16860 --- [main] com.zaxxer.hikari.pool.HikariPool        : HikariPool-1 - Added connection conn0: url=jdbc:h2:file:./abhi user=ABHISHEK
2024-02-10T14:11:17.844+05:30  INFO 16860 --- [main] com.zaxxer.hikari.HikariDataSource       : HikariPool-1 - Start completed.
2024-02-10T14:11:17.867+05:30  WARN 16860 --- [main] org.hibernate.orm.deprecation            : HHH90000025: H2Dialect does not need to be specified explicitly using 'hibernate.dialect' (remove the property setting and it will be selected by default)
2024-02-10T14:11:18.760+05:30  INFO 16860 --- [main] o.h.e.t.j.p.i.JtaPlatformInitiator       : HHH000489: No JTA platform available (set 'hibernate.transaction.jta.platform' to enable JTA platform integration)
2024-02-10T14:11:18.812+05:30  INFO 16860 --- [main] j.LocalContainerEntityManagerFactoryBean : Initialized JPA EntityManagerFactory for persistence unit 'default'
2024-02-10T14:11:19.415+05:30  WARN 16860 --- [main] JpaBaseConfiguration$JpaWebConfiguration : spring.jpa.open-in-view is enabled by default. Therefore, database queries may be performed during view rendering. Explicitly configure spring.jpa.open-in-view to disable this warning
2024-02-10T14:11:19.915+05:30  INFO 16860 --- [main] o.s.b.a.h2.H2ConsoleAutoConfiguration    : H2 console available at '/h2'. Database available at 'jdbc:h2:file:./abhi'
2024-02-10T14:11:19.991+05:30  INFO 16860 --- [main] c.abhi.Airport.AirportApplicationTests   : Started AirportApplicationTests in 4.919 seconds (process running for 6.142)
2024-02-10T14:11:20.702+05:30  INFO 16860 --- [SpringApplicationShutdownHook] j.LocalContainerEntityManagerFactoryBean : Closing JPA EntityManagerFactory for persistence unit 'default'
2024-02-10T14:11:20.705+05:30  INFO 16860 --- [SpringApplicationShutdownHook] com.zaxxer.hikari.HikariDataSource       : HikariPool-1 - Shutdown initiated...
2024-02-10T14:11:20.708+05:30  INFO 16860 --- [SpringApplicationShutdownHook] com.zaxxer.hikari.HikariDataSource       : HikariPool-1 - Shutdown completed.
2024-02-10T14:13:57.394+05:30  INFO 20328 --- [restartedMain] com.abhi.Airport.AirportApplication      : Starting AirportApplication using Java 17.0.9 with PID 20328 (C:\Users\pashe\Documents\workspace-spring-tool-suite-4-4.21.0.RELEASE\AirportsAPI\target\classes started by pashe in C:\Users\pashe\Documents\workspace-spring-tool-suite-4-4.21.0.RELEASE\AirportsAPI)
2024-02-10T14:13:57.397+05:30  INFO 20328 --- [restartedMain] com.abhi.Airport.AirportApplication      : No active profile set, falling back to 1 default profile: "default"
2024-02-10T14:13:57.488+05:30  INFO 20328 --- [restartedMain] .e.DevToolsPropertyDefaultsPostProcessor : Devtools property defaults active! Set 'spring.devtools.add-properties' to 'false' to disable
2024-02-10T14:13:57.489+05:30  INFO 20328 --- [restartedMain] .e.DevToolsPropertyDefaultsPostProcessor : For additional web related logging consider setting the 'logging.level.web' property to 'DEBUG'
2024-02-10T14:13:58.678+05:30  INFO 20328 --- [restartedMain] .s.d.r.c.RepositoryConfigurationDelegate : Bootstrapping Spring Data JPA repositories in DEFAULT mode.
2024-02-10T14:13:58.752+05:30  INFO 20328 --- [restartedMain] .s.d.r.c.RepositoryConfigurationDelegate : Finished Spring Data repository scanning in 66 ms. Found 1 JPA repository interface.
2024-02-10T14:13:59.719+05:30  INFO 20328 --- [restartedMain] o.s.b.w.embedded.tomcat.TomcatWebServer  : Tomcat initialized with port 11478 (http)
2024-02-10T14:13:59.747+05:30  INFO 20328 --- [restartedMain] o.apache.catalina.core.StandardService   : Starting service [Tomcat]
2024-02-10T14:13:59.747+05:30  INFO 20328 --- [restartedMain] o.apache.catalina.core.StandardEngine    : Starting Servlet engine: [Apache Tomcat/10.1.17]
2024-02-10T14:13:59.853+05:30  INFO 20328 --- [restartedMain] o.a.c.c.C.[Tomcat].[localhost].[/]       : Initializing Spring embedded WebApplicationContext
2024-02-10T14:13:59.854+05:30  INFO 20328 --- [restartedMain] w.s.c.ServletWebServerApplicationContext : Root WebApplicationContext: initialization completed in 2365 ms
2024-02-10T14:13:59.930+05:30  INFO 20328 --- [restartedMain] com.zaxxer.hikari.HikariDataSource       : HikariPool-1 - Starting...
2024-02-10T14:14:00.195+05:30  INFO 20328 --- [restartedMain] com.zaxxer.hikari.pool.HikariPool        : HikariPool-1 - Added connection conn0: url=jdbc:h2:file:./abhi user=ABHISHEK
2024-02-10T14:14:00.198+05:30  INFO 20328 --- [restartedMain] com.zaxxer.hikari.HikariDataSource       : HikariPool-1 - Start completed.
2024-02-10T14:14:00.216+05:30  INFO 20328 --- [restartedMain] o.s.b.a.h2.H2ConsoleAutoConfiguration    : H2 console available at '/h2'. Database available at 'jdbc:h2:file:./abhi'
2024-02-10T14:14:00.479+05:30  INFO 20328 --- [restartedMain] o.hibernate.jpa.internal.util.LogHelper  : HHH000204: Processing PersistenceUnitInfo [name: default]
2024-02-10T14:14:00.583+05:30  INFO 20328 --- [restartedMain] org.hibernate.Version                    : HHH000412: Hibernate ORM core version 6.4.1.Final
2024-02-10T14:14:00.647+05:30  INFO 20328 --- [restartedMain] o.h.c.internal.RegionFactoryInitiator    : HHH000026: Second-level cache disabled
2024-02-10T14:14:00.994+05:30  INFO 20328 --- [restartedMain] o.s.o.j.p.SpringPersistenceUnitInfo      : No LoadTimeWeaver setup: ignoring JPA class transformer
2024-02-10T14:14:01.075+05:30  WARN 20328 --- [restartedMain] org.hibernate.orm.deprecation            : HHH90000025: H2Dialect does not need to be specified explicitly using 'hibernate.dialect' (remove the property setting and it will be selected by default)
2024-02-10T14:14:01.863+05:30  INFO 20328 --- [restartedMain] o.h.e.t.j.p.i.JtaPlatformInitiator       : HHH000489: No JTA platform available (set 'hibernate.transaction.jta.platform' to enable JTA platform integration)
2024-02-10T14:14:01.919+05:30  INFO 20328 --- [restartedMain] j.LocalContainerEntityManagerFactoryBean : Initialized JPA EntityManagerFactory for persistence unit 'default'
2024-02-10T14:14:02.511+05:30  WARN 20328 --- [restartedMain] JpaBaseConfiguration$JpaWebConfiguration : spring.jpa.open-in-view is enabled by default. Therefore, database queries may be performed during view rendering. Explicitly configure spring.jpa.open-in-view to disable this warning
2024-02-10T14:14:03.317+05:30  INFO 20328 --- [restartedMain] o.s.b.d.a.OptionalLiveReloadServer       : LiveReload server is running on port 35729
2024-02-10T14:14:03.404+05:30  INFO 20328 --- [restartedMain] o.s.b.w.embedded.tomcat.TomcatWebServer  : Tomcat started on port 11478 (http) with context path ''
2024-02-10T14:14:03.435+05:30  INFO 20328 --- [restartedMain] com.abhi.Airport.AirportApplication      : Started AirportApplication in 6.515 seconds (process running for 7.14)
2024-02-10T14:14:07.663+05:30  INFO 20328 --- [http-nio-11478-exec-2] o.a.c.c.C.[Tomcat].[localhost].[/]       : Initializing Spring DispatcherServlet 'dispatcherServlet'
2024-02-10T14:14:07.663+05:30  INFO 20328 --- [http-nio-11478-exec-2] o.s.web.servlet.DispatcherServlet        : Initializing Servlet 'dispatcherServlet'
2024-02-10T14:14:07.669+05:30  INFO 20328 --- [http-nio-11478-exec-2] o.s.web.servlet.DispatcherServlet        : Completed initialization in 5 ms
2024-02-10T14:14:07.718+05:30  INFO 20328 --- [http-nio-11478-exec-2] c.a.A.Controller.AirportController       : Fetching all airport details.
2024-02-10T14:14:07.718+05:30  INFO 20328 --- [http-nio-11478-exec-2] c.a.A.S.AirportServiceImplementation     : Fetching all airports from the repository.
2024-02-10T14:27:46.802+05:30  INFO 10444 --- [restartedMain] com.abhi.Airport.AirportApplication      : Starting AirportApplication using Java 21.0.1 with PID 10444 (C:\Users\pashe\documents\workspace-spring-tool-suite-4-4.21.0.RELEASE\AirportsAPI\target\classes started by pashe in C:\Users\pashe\documents\workspace-spring-tool-suite-4-4.21.0.RELEASE\AirportsAPI)
2024-02-10T14:27:46.805+05:30  INFO 10444 --- [restartedMain] com.abhi.Airport.AirportApplication      : No active profile set, falling back to 1 default profile: "default"
2024-02-10T14:27:46.848+05:30  INFO 10444 --- [restartedMain] .e.DevToolsPropertyDefaultsPostProcessor : Devtools property defaults active! Set 'spring.devtools.add-properties' to 'false' to disable
2024-02-10T14:27:46.849+05:30  INFO 10444 --- [restartedMain] .e.DevToolsPropertyDefaultsPostProcessor : For additional web related logging consider setting the 'logging.level.web' property to 'DEBUG'
2024-02-10T14:27:47.508+05:30  INFO 10444 --- [restartedMain] .s.d.r.c.RepositoryConfigurationDelegate : Bootstrapping Spring Data JPA repositories in DEFAULT mode.
2024-02-10T14:27:47.581+05:30  INFO 10444 --- [restartedMain] .s.d.r.c.RepositoryConfigurationDelegate : Finished Spring Data repository scanning in 60 ms. Found 1 JPA repository interface.
2024-02-10T14:27:48.144+05:30  INFO 10444 --- [restartedMain] o.s.b.w.embedded.tomcat.TomcatWebServer  : Tomcat initialized with port 11478 (http)
2024-02-10T14:27:48.158+05:30  INFO 10444 --- [restartedMain] o.apache.catalina.core.StandardService   : Starting service [Tomcat]
2024-02-10T14:27:48.158+05:30  INFO 10444 --- [restartedMain] o.apache.catalina.core.StandardEngine    : Starting Servlet engine: [Apache Tomcat/10.1.17]
2024-02-10T14:27:48.208+05:30  INFO 10444 --- [restartedMain] o.a.c.c.C.[Tomcat].[localhost].[/]       : Initializing Spring embedded WebApplicationContext
2024-02-10T14:27:48.208+05:30  INFO 10444 --- [restartedMain] w.s.c.ServletWebServerApplicationContext : Root WebApplicationContext: initialization completed in 1359 ms
2024-02-10T14:27:48.237+05:30  INFO 10444 --- [restartedMain] com.zaxxer.hikari.HikariDataSource       : HikariPool-1 - Starting...
2024-02-10T14:27:48.469+05:30  INFO 10444 --- [restartedMain] com.zaxxer.hikari.pool.HikariPool        : HikariPool-1 - Added connection conn0: url=jdbc:h2:file:./abhi user=ABHISHEK
2024-02-10T14:27:48.470+05:30  INFO 10444 --- [restartedMain] com.zaxxer.hikari.HikariDataSource       : HikariPool-1 - Start completed.
2024-02-10T14:27:48.479+05:30  INFO 10444 --- [restartedMain] o.s.b.a.h2.H2ConsoleAutoConfiguration    : H2 console available at '/h2'. Database available at 'jdbc:h2:file:./abhi'
2024-02-10T14:27:48.594+05:30  INFO 10444 --- [restartedMain] o.hibernate.jpa.internal.util.LogHelper  : HHH000204: Processing PersistenceUnitInfo [name: default]
2024-02-10T14:27:48.651+05:30  INFO 10444 --- [restartedMain] org.hibernate.Version                    : HHH000412: Hibernate ORM core version 6.4.1.Final
2024-02-10T14:27:48.695+05:30  INFO 10444 --- [restartedMain] o.h.c.internal.RegionFactoryInitiator    : HHH000026: Second-level cache disabled
2024-02-10T14:27:48.925+05:30  INFO 10444 --- [restartedMain] o.s.o.j.p.SpringPersistenceUnitInfo      : No LoadTimeWeaver setup: ignoring JPA class transformer
2024-02-10T14:27:48.974+05:30  WARN 10444 --- [restartedMain] org.hibernate.orm.deprecation            : HHH90000025: H2Dialect does not need to be specified explicitly using 'hibernate.dialect' (remove the property setting and it will be selected by default)
2024-02-10T14:27:49.730+05:30  INFO 10444 --- [restartedMain] o.h.e.t.j.p.i.JtaPlatformInitiator       : HHH000489: No JTA platform available (set 'hibernate.transaction.jta.platform' to enable JTA platform integration)
2024-02-10T14:27:49.799+05:30  INFO 10444 --- [restartedMain] j.LocalContainerEntityManagerFactoryBean : Initialized JPA EntityManagerFactory for persistence unit 'default'
2024-02-10T14:27:50.165+05:30  WARN 10444 --- [restartedMain] JpaBaseConfiguration$JpaWebConfiguration : spring.jpa.open-in-view is enabled by default. Therefore, database queries may be performed during view rendering. Explicitly configure spring.jpa.open-in-view to disable this warning
2024-02-10T14:27:50.555+05:30  INFO 10444 --- [restartedMain] o.s.b.d.a.OptionalLiveReloadServer       : LiveReload server is running on port 35729
2024-02-10T14:27:50.614+05:30  INFO 10444 --- [restartedMain] o.s.b.w.embedded.tomcat.TomcatWebServer  : Tomcat started on port 11478 (http) with context path ''
2024-02-10T14:27:50.624+05:30  INFO 10444 --- [restartedMain] com.abhi.Airport.AirportApplication      : Started AirportApplication in 4.192 seconds (process running for 4.559)
2024-02-10T14:28:00.367+05:30  INFO 10444 --- [http-nio-11478-exec-1] o.a.c.c.C.[Tomcat].[localhost].[/]       : Initializing Spring DispatcherServlet 'dispatcherServlet'
2024-02-10T14:28:00.367+05:30  INFO 10444 --- [http-nio-11478-exec-1] o.s.web.servlet.DispatcherServlet        : Initializing Servlet 'dispatcherServlet'
2024-02-10T14:28:00.368+05:30  INFO 10444 --- [http-nio-11478-exec-1] o.s.web.servlet.DispatcherServlet        : Completed initialization in 1 ms
2024-02-10T14:28:00.395+05:30  INFO 10444 --- [http-nio-11478-exec-1] c.a.A.Controller.AirportController       : Fetching all airport details.
2024-02-10T14:28:00.396+05:30  INFO 10444 --- [http-nio-11478-exec-1] c.a.A.S.AirportServiceImplementation     : Fetching all airports from the repository.
2024-02-10T14:28:49.507+05:30  INFO 10444 --- [SpringApplicationShutdownHook] j.LocalContainerEntityManagerFactoryBean : Closing JPA EntityManagerFactory for persistence unit 'default'
2024-02-10T14:28:49.522+05:30  INFO 10444 --- [SpringApplicationShutdownHook] com.zaxxer.hikari.HikariDataSource       : HikariPool-1 - Shutdown initiated...
2024-02-10T14:28:49.525+05:30  INFO 10444 --- [SpringApplicationShutdownHook] com.zaxxer.hikari.HikariDataSource       : HikariPool-1 - Shutdown completed.
2024-02-10T14:28:58.968+05:30  INFO 23328 --- [restartedMain] com.abhi.Airport.AirportApplication      : Starting AirportApplication using Java 21.0.1 with PID 23328 (C:\Users\pashe\documents\workspace-spring-tool-suite-4-4.21.0.RELEASE\AirportsAPI\target\classes started by pashe in C:\Users\pashe\documents\workspace-spring-tool-suite-4-4.21.0.RELEASE\AirportsAPI)
2024-02-10T14:28:58.969+05:30  INFO 23328 --- [restartedMain] com.abhi.Airport.AirportApplication      : No active profile set, falling back to 1 default profile: "default"
2024-02-10T14:28:59.010+05:30  INFO 23328 --- [restartedMain] .e.DevToolsPropertyDefaultsPostProcessor : Devtools property defaults active! Set 'spring.devtools.add-properties' to 'false' to disable
2024-02-10T14:28:59.012+05:30  INFO 23328 --- [restartedMain] .e.DevToolsPropertyDefaultsPostProcessor : For additional web related logging consider setting the 'logging.level.web' property to 'DEBUG'
2024-02-10T14:28:59.606+05:30  INFO 23328 --- [restartedMain] .s.d.r.c.RepositoryConfigurationDelegate : Bootstrapping Spring Data JPA repositories in DEFAULT mode.
2024-02-10T14:28:59.668+05:30  INFO 23328 --- [restartedMain] .s.d.r.c.RepositoryConfigurationDelegate : Finished Spring Data repository scanning in 53 ms. Found 1 JPA repository interface.
2024-02-10T14:29:00.164+05:30  INFO 23328 --- [restartedMain] o.s.b.w.embedded.tomcat.TomcatWebServer  : Tomcat initialized with port 11478 (http)
2024-02-10T14:29:00.176+05:30  INFO 23328 --- [restartedMain] o.apache.catalina.core.StandardService   : Starting service [Tomcat]
2024-02-10T14:29:00.178+05:30  INFO 23328 --- [restartedMain] o.apache.catalina.core.StandardEngine    : Starting Servlet engine: [Apache Tomcat/10.1.17]
2024-02-10T14:29:00.227+05:30  INFO 23328 --- [restartedMain] o.a.c.c.C.[Tomcat].[localhost].[/]       : Initializing Spring embedded WebApplicationContext
2024-02-10T14:29:00.228+05:30  INFO 23328 --- [restartedMain] w.s.c.ServletWebServerApplicationContext : Root WebApplicationContext: initialization completed in 1214 ms
2024-02-10T14:29:00.258+05:30  INFO 23328 --- [restartedMain] com.zaxxer.hikari.HikariDataSource       : HikariPool-1 - Starting...
2024-02-10T14:29:00.454+05:30  INFO 23328 --- [restartedMain] com.zaxxer.hikari.pool.HikariPool        : HikariPool-1 - Added connection conn0: url=jdbc:h2:file:./abhi user=ABHISHEK
2024-02-10T14:29:00.456+05:30  INFO 23328 --- [restartedMain] com.zaxxer.hikari.HikariDataSource       : HikariPool-1 - Start completed.
2024-02-10T14:29:00.470+05:30  INFO 23328 --- [restartedMain] o.s.b.a.h2.H2ConsoleAutoConfiguration    : H2 console available at '/h2'. Database available at 'jdbc:h2:file:./abhi'
2024-02-10T14:29:00.590+05:30  INFO 23328 --- [restartedMain] o.hibernate.jpa.internal.util.LogHelper  : HHH000204: Processing PersistenceUnitInfo [name: default]
2024-02-10T14:29:00.637+05:30  INFO 23328 --- [restartedMain] org.hibernate.Version                    : HHH000412: Hibernate ORM core version 6.4.1.Final
2024-02-10T14:29:00.662+05:30  INFO 23328 --- [restartedMain] o.h.c.internal.RegionFactoryInitiator    : HHH000026: Second-level cache disabled
2024-02-10T14:29:00.877+05:30  INFO 23328 --- [restartedMain] o.s.o.j.p.SpringPersistenceUnitInfo      : No LoadTimeWeaver setup: ignoring JPA class transformer
2024-02-10T14:29:00.916+05:30  WARN 23328 --- [restartedMain] org.hibernate.orm.deprecation            : HHH90000025: H2Dialect does not need to be specified explicitly using 'hibernate.dialect' (remove the property setting and it will be selected by default)
2024-02-10T14:29:01.567+05:30  INFO 23328 --- [restartedMain] o.h.e.t.j.p.i.JtaPlatformInitiator       : HHH000489: No JTA platform available (set 'hibernate.transaction.jta.platform' to enable JTA platform integration)
2024-02-10T14:29:01.615+05:30  INFO 23328 --- [restartedMain] j.LocalContainerEntityManagerFactoryBean : Initialized JPA EntityManagerFactory for persistence unit 'default'
2024-02-10T14:29:01.953+05:30  WARN 23328 --- [restartedMain] JpaBaseConfiguration$JpaWebConfiguration : spring.jpa.open-in-view is enabled by default. Therefore, database queries may be performed during view rendering. Explicitly configure spring.jpa.open-in-view to disable this warning
2024-02-10T14:29:02.332+05:30  INFO 23328 --- [restartedMain] o.s.b.d.a.OptionalLiveReloadServer       : LiveReload server is running on port 35729
2024-02-10T14:29:02.368+05:30  INFO 23328 --- [restartedMain] o.s.b.w.embedded.tomcat.TomcatWebServer  : Tomcat started on port 11478 (http) with context path ''
2024-02-10T14:29:02.380+05:30  INFO 23328 --- [restartedMain] com.abhi.Airport.AirportApplication      : Started AirportApplication in 3.73 seconds (process running for 4.054)
2024-02-10T14:29:10.256+05:30  INFO 23328 --- [http-nio-11478-exec-1] o.a.c.c.C.[Tomcat].[localhost].[/]       : Initializing Spring DispatcherServlet 'dispatcherServlet'
2024-02-10T14:29:10.257+05:30  INFO 23328 --- [http-nio-11478-exec-1] o.s.web.servlet.DispatcherServlet        : Initializing Servlet 'dispatcherServlet'
2024-02-10T14:29:10.258+05:30  INFO 23328 --- [http-nio-11478-exec-1] o.s.web.servlet.DispatcherServlet        : Completed initialization in 1 ms
2024-02-10T14:29:10.282+05:30  INFO 23328 --- [http-nio-11478-exec-1] c.a.A.Controller.AirportController       : Fetching all airport details.
2024-02-10T14:29:10.282+05:30  INFO 23328 --- [http-nio-11478-exec-1] c.a.A.S.AirportServiceImplementation     : Fetching all airports from the repository.
2024-02-10T14:29:16.457+05:30  INFO 23328 --- [http-nio-11478-exec-4] c.a.A.Controller.AirportController       : creating all airport details.
2024-02-10T14:29:16.850+05:30  INFO 23328 --- [http-nio-11478-exec-4] c.a.A.S.AirportServiceImplementation     : Creating airport...
2024-02-10T15:10:35.456+05:30  INFO 12672 --- [main] c.abhi.Airport.AirportApplicationTests   : Starting AirportApplicationTests using Java 17.0.9 with PID 12672 (started by pashe in C:\Users\pashe\Documents\workspace-spring-tool-suite-4-4.21.0.RELEASE\AirportsAPI)
2024-02-10T15:10:35.460+05:30  INFO 12672 --- [main] c.abhi.Airport.AirportApplicationTests   : No active profile set, falling back to 1 default profile: "default"
2024-02-10T15:10:36.245+05:30  INFO 12672 --- [main] .s.d.r.c.RepositoryConfigurationDelegate : Bootstrapping Spring Data JPA repositories in DEFAULT mode.
2024-02-10T15:10:36.297+05:30  INFO 12672 --- [main] .s.d.r.c.RepositoryConfigurationDelegate : Finished Spring Data repository scanning in 44 ms. Found 1 JPA repository interface.
2024-02-10T15:10:36.820+05:30  INFO 12672 --- [main] o.hibernate.jpa.internal.util.LogHelper  : HHH000204: Processing PersistenceUnitInfo [name: default]
2024-02-10T15:10:36.894+05:30  INFO 12672 --- [main] org.hibernate.Version                    : HHH000412: Hibernate ORM core version 6.4.1.Final
2024-02-10T15:10:36.934+05:30  INFO 12672 --- [main] o.h.c.internal.RegionFactoryInitiator    : HHH000026: Second-level cache disabled
2024-02-10T15:10:37.248+05:30  INFO 12672 --- [main] o.s.o.j.p.SpringPersistenceUnitInfo      : No LoadTimeWeaver setup: ignoring JPA class transformer
2024-02-10T15:10:37.276+05:30  INFO 12672 --- [main] com.zaxxer.hikari.HikariDataSource       : HikariPool-1 - Starting...
2024-02-10T15:10:37.528+05:30  INFO 12672 --- [main] com.zaxxer.hikari.pool.HikariPool        : HikariPool-1 - Added connection conn0: url=jdbc:h2:file:./abhi user=ABHISHEK
2024-02-10T15:10:37.529+05:30  INFO 12672 --- [main] com.zaxxer.hikari.HikariDataSource       : HikariPool-1 - Start completed.
2024-02-10T15:10:37.559+05:30  WARN 12672 --- [main] org.hibernate.orm.deprecation            : HHH90000025: H2Dialect does not need to be specified explicitly using 'hibernate.dialect' (remove the property setting and it will be selected by default)
2024-02-10T15:10:38.425+05:30  INFO 12672 --- [main] o.h.e.t.j.p.i.JtaPlatformInitiator       : HHH000489: No JTA platform available (set 'hibernate.transaction.jta.platform' to enable JTA platform integration)
2024-02-10T15:10:38.468+05:30  INFO 12672 --- [main] j.LocalContainerEntityManagerFactoryBean : Initialized JPA EntityManagerFactory for persistence unit 'default'
2024-02-10T15:10:39.020+05:30  WARN 12672 --- [main] JpaBaseConfiguration$JpaWebConfiguration : spring.jpa.open-in-view is enabled by default. Therefore, database queries may be performed during view rendering. Explicitly configure spring.jpa.open-in-view to disable this warning
2024-02-10T15:10:39.488+05:30  INFO 12672 --- [main] o.s.b.a.h2.H2ConsoleAutoConfiguration    : H2 console available at '/h2'. Database available at 'jdbc:h2:file:./abhi'
2024-02-10T15:10:39.552+05:30  INFO 12672 --- [main] c.abhi.Airport.AirportApplicationTests   : Started AirportApplicationTests in 4.368 seconds (process running for 5.453)
2024-02-10T15:10:40.262+05:30  INFO 12672 --- [SpringApplicationShutdownHook] j.LocalContainerEntityManagerFactoryBean : Closing JPA EntityManagerFactory for persistence unit 'default'
2024-02-10T15:10:40.265+05:30  INFO 12672 --- [SpringApplicationShutdownHook] com.zaxxer.hikari.HikariDataSource       : HikariPool-1 - Shutdown initiated...
2024-02-10T15:10:40.267+05:30  INFO 12672 --- [SpringApplicationShutdownHook] com.zaxxer.hikari.HikariDataSource       : HikariPool-1 - Shutdown completed.
2024-02-10T15:14:06.615+05:30  INFO 11296 --- [main] c.abhi.Airport.AirportApplicationTests   : Starting AirportApplicationTests using Java 17.0.9 with PID 11296 (started by pashe in C:\Users\pashe\Documents\workspace-spring-tool-suite-4-4.21.0.RELEASE\AirportsAPI)
2024-02-10T15:14:06.616+05:30  INFO 11296 --- [main] c.abhi.Airport.AirportApplicationTests   : No active profile set, falling back to 1 default profile: "default"
2024-02-10T15:14:07.410+05:30  INFO 11296 --- [main] .s.d.r.c.RepositoryConfigurationDelegate : Bootstrapping Spring Data JPA repositories in DEFAULT mode.
2024-02-10T15:14:07.462+05:30  INFO 11296 --- [main] .s.d.r.c.RepositoryConfigurationDelegate : Finished Spring Data repository scanning in 44 ms. Found 1 JPA repository interface.
2024-02-10T15:14:07.926+05:30  INFO 11296 --- [main] o.hibernate.jpa.internal.util.LogHelper  : HHH000204: Processing PersistenceUnitInfo [name: default]
2024-02-10T15:14:07.987+05:30  INFO 11296 --- [main] org.hibernate.Version                    : HHH000412: Hibernate ORM core version 6.4.1.Final
2024-02-10T15:14:08.028+05:30  INFO 11296 --- [main] o.h.c.internal.RegionFactoryInitiator    : HHH000026: Second-level cache disabled
2024-02-10T15:14:08.298+05:30  INFO 11296 --- [main] o.s.o.j.p.SpringPersistenceUnitInfo      : No LoadTimeWeaver setup: ignoring JPA class transformer
2024-02-10T15:14:08.332+05:30  INFO 11296 --- [main] com.zaxxer.hikari.HikariDataSource       : HikariPool-1 - Starting...
2024-02-10T15:14:08.563+05:30  INFO 11296 --- [main] com.zaxxer.hikari.pool.HikariPool        : HikariPool-1 - Added connection conn0: url=jdbc:h2:file:./abhi user=ABHISHEK
2024-02-10T15:14:08.564+05:30  INFO 11296 --- [main] com.zaxxer.hikari.HikariDataSource       : HikariPool-1 - Start completed.
2024-02-10T15:14:08.588+05:30  WARN 11296 --- [main] org.hibernate.orm.deprecation            : HHH90000025: H2Dialect does not need to be specified explicitly using 'hibernate.dialect' (remove the property setting and it will be selected by default)
2024-02-10T15:14:09.366+05:30  INFO 11296 --- [main] o.h.e.t.j.p.i.JtaPlatformInitiator       : HHH000489: No JTA platform available (set 'hibernate.transaction.jta.platform' to enable JTA platform integration)
2024-02-10T15:14:09.409+05:30  INFO 11296 --- [main] j.LocalContainerEntityManagerFactoryBean : Initialized JPA EntityManagerFactory for persistence unit 'default'
2024-02-10T15:14:09.890+05:30  WARN 11296 --- [main] JpaBaseConfiguration$JpaWebConfiguration : spring.jpa.open-in-view is enabled by default. Therefore, database queries may be performed during view rendering. Explicitly configure spring.jpa.open-in-view to disable this warning
2024-02-10T15:14:10.308+05:30  INFO 11296 --- [main] o.s.b.a.h2.H2ConsoleAutoConfiguration    : H2 console available at '/h2'. Database available at 'jdbc:h2:file:./abhi'
2024-02-10T15:14:10.368+05:30  INFO 11296 --- [main] c.abhi.Airport.AirportApplicationTests   : Started AirportApplicationTests in 4.009 seconds (process running for 5.054)
2024-02-10T15:14:11.072+05:30  INFO 11296 --- [SpringApplicationShutdownHook] j.LocalContainerEntityManagerFactoryBean : Closing JPA EntityManagerFactory for persistence unit 'default'
2024-02-10T15:14:11.075+05:30  INFO 11296 --- [SpringApplicationShutdownHook] com.zaxxer.hikari.HikariDataSource       : HikariPool-1 - Shutdown initiated...
2024-02-10T15:14:11.077+05:30  INFO 11296 --- [SpringApplicationShutdownHook] com.zaxxer.hikari.HikariDataSource       : HikariPool-1 - Shutdown completed.
